2025-10-24,16:12:58,221.3,N,221.8,N,224.9,N,0.00,N,0.00,N,0.00,N,49.93,N,49.89,N,49.91,N,239.31,N,119.75,N,0.00,N,0.00,N,0.00,N,0.0,0.0,0.0,0
2025-10-24,16:13:03,219.9,N,221.7,N,225.7,N,0.00,N,0.00,N,0.00,N,49.93,N,49.89,N,49.90,N,239.15,N,120.02,N,0.00,N,0.00,N,0.00,N,0.0,0.0,0.0,0
2025-10-24,16:13:06,221.3,N,221.8,N,224.7,N,0.00,N,0.00,N,0.00,N,49.90,N,49.91,N,49.87,N,239.17,N,119.98,N,0.00,N,0.00,N,0.00,N,0.0,0.0,0.0,0
2025-10-24,16:13:21,222.5,N,221.7,N,224.3,N,0.00,N,0.00,N,0.00,N,49.93,N,49.91,N,49.86,N,239.93,N,120.27,N,0.00,N,0.00,N,0.00,N,0.0,0.0,0.0,0
2025-10-24,16:13:41,222.5,N,220.6,N,224.0,N,0.00,N,0.00,N,0.00,N,49.91,N,49.88,N,49.90,N,239.57,N,119.84,N,0.00,N,0.00,N,0.00,N,0.0,0.0,0.0,0
2025-10-24,16:14:02,221.4,N,221.4,N,224.5,N,0.00,N,0.00,N,0.00,N,49.92,N,49.91,N,49.91,N,239.42,N,120.23,N,0.00,N,0.00,N,0.00,N,0.0,0.0,0.0,0
2025-10-24,16:14:02,220.2,N,221.4,N,225.1,N,0.00,N,0.00,N,0.00,N,49.88,N,49.91,N,49.90,N,238.97,N,120.06,N,0.00,N,0.00,N,0.00,N,0.0,0.0,0.0,0
2025-10-24,16:14:06,222.0,N,221.6,N,224.4,N,0.00,N,0.00,N,0.00,N,49.88,N,49.85,N,49.90,N,239.86,N,120.28,N,0.00,N,0.00,N,0.00,N,0.0,0.0,0.0,0
2025-10-24,16:15:15,220.8,N,221.1,N,225.6,N,0.00,N,0.00,N,0.00,N,49.96,N,49.90,N,49.94,N,238.95,N,119.66,N,0.00,N,0.00,N,0.00,N,0.0,0.0,0.0,0
2025-10-24,16:15:19,222.4,N,221.6,N,225.0,N,0.00,N,0.00,N,0.00,N,49.96,N,49.89,N,49.93,N,239.46,N,120.45,N,0.00,N,0.00,N,0.00,N,0.0,0.0,0.0,0
2025-10-24,16:15:30,223.1,N,223.7,N,224.0,N,0.00,N,0.00,N,0.00,N,49.91,N,49.88,N,49.90,N,240.09,N,120.79,N,0.00,N,0.00,N,0.00,N,0.0,0.0,0.0,0
2025-10-24,16:16:26,221.8,N,223.2,N,224.5,N,0.00,N,0.00,N,0.00,N,49.88,N,49.86,N,49.85,N,239.34,N,120.00,N,0.00,N,0.00,N,0.00,N,0.0,0.0,0.0,0
2025-10-24,16:16:29,223.4,N,223.2,N,223.7,N,0.00,N,0.00,N,0.00,N,49.88,N,49.85,N,49.86,N,239.79,N,120.28,N,0.00,N,0.00,N,0.00,N,0.0,0.0,0.0,0
2025-10-24,16:17:38,222.3,N,222.8,N,225.1,N,0.00,N,0.00,N,0.00,N,49.90,N,49.90,N,49.84,N,239.36,N,119.85,N,0.00,N,0.00,N,0.00,N,0.0,0.0,0.0,0
2025-10-24,16:17:43,223.8,N,223.0,N,224.1,N,0.00,N,0.00,N,0.00,N,49.92,N,49.87,N,49.90,N,239.85,N,120.33,N,0.00,N,0.00,N,0.00,N,0.0,0.0,0.0,0
2025-10-24,16:18:21,222.7,N,223.4,N,223.7,N,0.00,N,0.00,N,0.00,N,49.91,N,49.84,N,49.89,N,239.73,N,119.98,N,0.00,N,0.00,N,0.00,N,0.0,0.0,0.0,0
2025-10-24,16:18:50,222.0,N,223.5,N,224.8,N,0.00,N,0.00,N,0.00,N,49.90,N,49.88,N,49.87,N,239.64,N,120.15,N,0.00,N,0.00,N,0.00,N,0.0,0.0,0.0,0
2025-10-24,16:18:54,223.5,N,223.5,N,223.9,N,0.00,N,0.00,N,0.00,N,49.90,N,49.88,N,49.85,N,239.87,N,120.66,N,0.00,N,0.00,N,0.00,N,0.0,0.0,0.0,0
2025-10-24,16:19:25,223.3,N,224.7,N,223.7,N,0.00,N,0.00,N,0.00,N,49.91,N,49.87,N,49.83,N,240.20,N,120.86,N,0.00,N,0.00,N,0.00,N,0.0,0.0,0.0,0
2025-10-24,16:19:53,223.2,N,224.5,N,224.0,N,0.00,N,0.00,N,0.00,N,49.86,N,49.84,N,49.85,N,239.91,N,119.82,N,0.00,N,0.00,N,0.00,N,0.0,0.0,0.0,0
2025-10-24,16:19:57,223.1,N,224.3,N,224.0,N,0.00,N,0.00,N,0.00,N,49.87,N,49.85,N,49.85,N,240.04,N,120.84,N,0.00,N,0.00,N,0.00,N,0.0,0.0,0.0,0
2025-10-24,16:20:01,221.3,N,224.4,N,224.8,N,0.00,N,0.00,N,0.00,N,49.87,N,49.84,N,49.84,N,239.55,N,120.45,N,0.00,N,0.00,N,0.00,N,0.0,0.0,0.0,0
2025-10-24,16:20:05,222.5,N,224.3,N,224.1,N,0.00,N,0.00,N,0.00,N,49.90,N,49.85,N,49.85,N,240.09,N,120.62,N,0.00,N,0.00,N,0.00,N,0.0,0.0,0.0,0
2025-10-24,16:20:19,222.0,N,222.9,N,224.6,N,0.00,N,0.00,N,0.00,N,49.91,N,49.84,N,49.89,N,239.69,N,120.40,N,0.00,N,0.00,N,0.00,N,0.0,0.0,0.0,0
2025-10-24,16:20:25,221.7,N,221.7,N,223.6,N,0.00,N,0.00,N,0.00,N,49.91,N,49.90,N,49.88,N,239.79,N,119.84,N,0.00,N,0.00,N,0.00,N,0.0,0.0,0.0,0
2025-10-24,16:20:42,222.8,N,222.5,N,224.6,N,0.00,N,0.00,N,0.00,N,49.92,N,49.86,N,49.87,N,239.70,N,119.66,N,0.00,N,0.00,N,0.00,N,0.0,0.0,0.0,0
2025-10-24,16:21:11,221.1,N,222.2,N,225.4,N,0.00,N,0.00,N,0.00,N,49.91,N,49.88,N,49.88,N,239.34,N,119.73,N,0.00,N,0.00,N,0.00,N,0.0,0.0,0.0,0
2025-10-24,16:21:15,222.7,N,222.2,N,224.5,N,0.00,N,0.00,N,0.00,N,49.90,N,49.92,N,49.89,N,239.74,N,120.35,N,0.00,N,0.00,N,0.00,N,0.0,0.0,0.0,0
2025-10-24,16:22:00,221.5,N,221.1,N,223.6,N,0.00,N,0.00,N,0.00,N,49.90,N,49.89,N,49.90,N,239.72,N,119.78,N,0.00,N,0.00,N,0.00,N,0.0,0.0,0.0,0
2025-10-24,16:22:04,222.2,N,222.3,N,223.2,N,0.00,N,0.00,N,0.00,N,49.92,N,49.90,N,49.90,N,239.97,N,120.65,N,0.00,N,0.00,N,0.00,N,0.0,0.0,0.0,0
2025-10-24,16:22:22,221.1,N,222.8,N,224.0,N,0.00,N,0.00,N,0.00,N,49.92,N,49.88,N,49.90,N,239.97,N,120.47,N,0.00,N,0.00,N,0.00,N,0.0,0.0,0.0,0
2025-10-24,16:22:25,222.8,N,222.5,N,222.9,N,0.00,N,0.00,N,0.00,N,49.92,N,49.90,N,49.84,N,239.98,N,120.22,N,0.00,N,0.00,N,0.00,N,0.0,0.0,0.0,0
2025-10-24,16:22:36,222.5,N,223.6,N,223.6,N,0.00,N,0.00,N,0.00,N,49.90,N,49.83,N,49.87,N,240.34,N,120.74,N,0.00,N,0.00,N,0.00,N,0.0,0.0,0.0,0
2025-10-24,16:22:49,221.0,N,223.2,N,224.1,N,0.00,N,0.00,N,0.00,N,49.92,N,49.91,N,49.91,N,239.99,N,120.74,N,0.00,N,0.00,N,0.00,N,0.0,0.0,0.0,0
2025-10-24,16:22:53,222.2,N,222.7,N,223.3,N,0.00,N,0.00,N,0.00,N,49.93,N,49.90,N,49.90,N,239.55,N,120.15,N,0.00,N,0.00,N,0.00,N,0.0,0.0,0.0,0
2025-10-24,16:22:59,220.6,N,223.0,N,224.0,N,0.00,N,0.00,N,0.00,N,49.92,N,49.86,N,49.90,N,239.54,N,120.73,N,0.00,N,0.00,N,0.00,N,0.0,0.0,0.0,0
2025-10-24,16:23:02,222.2,N,222.8,N,222.9,N,0.00,N,0.00,N,0.00,N,49.93,N,49.90,N,49.90,N,240.62,N,120.93,N,0.00,N,0.00,N,0.00,N,0.0,0.0,0.0,0
2025-10-24,16:23:07,221.0,N,223.2,N,224.1,N,0.00,N,0.00,N,0.00,N,49.89,N,49.92,N,49.91,N,239.51,N,120.26,N,0.00,N,0.00,N,0.00,N,0.0,0.0,0.0,0
2025-10-24,16:23:11,222.6,N,223.2,N,223.1,N,0.00,N,0.00,N,0.00,N,49.91,N,49.86,N,49.90,N,240.06,N,120.90,N,0.00,N,0.00,N,0.00,N,0.0,0.0,0.0,0
2025-10-24,16:23:17,221.3,N,223.6,N,223.7,N,0.00,N,0.00,N,0.00,N,49.92,N,49.87,N,49.90,N,240.14,N,120.68,N,0.00,N,0.00,N,0.00,N,0.0,0.0,0.0,0
2025-10-24,16:23:20,222.6,N,223.7,N,222.9,N,0.00,N,0.00,N,0.00,N,49.92,N,49.84,N,49.86,N,240.26,N,120.61,N,0.00,N,0.00,N,0.00,N,0.0,0.0,0.0,0
2025-10-24,16:23:28,221.3,N,224.0,N,224.3,N,0.00,N,0.00,N,0.00,N,49.89,N,49.88,N,49.88,N,239.53,N,120.82,N,0.00,N,0.00,N,0.00,N,0.0,0.0,0.0,0
2025-10-24,16:23:32,222.5,N,224.0,N,223.7,N,0.00,N,0.00,N,0.00,N,49.88,N,49.84,N,49.84,N,239.65,N,120.79,N,0.00,N,0.00,N,0.00,N,0.0,0.0,0.0,0
2025-10-24,16:23:32,223.1,N,223.9,N,223.4,N,0.00,N,0.00,N,0.00,N,49.87,N,49.84,N,49.85,N,240.72,N,121.06,N,0.00,N,0.00,N,0.00,N,0.0,0.0,0.0,0
2025-10-24,16:23:37,221.5,N,223.6,N,224.3,N,0.00,N,0.00,N,0.00,N,49.87,N,49.86,N,49.84,N,240.01,N,120.66,N,0.00,N,0.00,N,0.00,N,0.0,0.0,0.0,0
2025-10-24,16:23:40,223.0,N,223.6,N,223.4,N,0.00,N,0.00,N,0.00,N,49.90,N,49.85,N,49.89,N,239.72,N,120.23,N,0.00,N,0.00,N,0.00,N,0.0,0.0,0.0,0
2025-10-24,16:23:45,221.5,N,223.7,N,224.4,N,0.00,N,0.00,N,0.00,N,49.92,N,49.86,N,49.89,N,239.61,N,120.74,N,0.00,N,0.00,N,0.00,N,0.0,0.0,0.0,0
2025-10-24,16:23:50,223.3,N,224.1,N,223.6,N,0.00,N,0.00,N,0.00,N,49.92,N,49.86,N,49.90,N,240.89,N,120.97,N,0.00,N,0.00,N,0.00,N,0.0,0.0,0.0,0
2025-10-24,16:23:52,222.0,N,224.0,N,224.3,N,0.00,N,0.00,N,0.00,N,49.89,N,49.87,N,49.91,N,240.29,N,120.76,N,0.00,N,0.00,N,0.00,N,0.0,0.0,0.0,0
2025-10-24,16:23:55,223.5,N,223.9,N,223.4,N,0.00,N,0.00,N,0.00,N,49.92,N,49.89,N,49.85,N,240.27,N,120.45,N,0.00,N,0.00,N,0.00,N,0.0,0.0,0.0,0
2025-10-24,16:24:01,221.6,N,223.8,N,224.5,N,0.00,N,0.00,N,0.00,N,49.91,N,49.89,N,49.90,N,239.71,N,120.73,N,0.00,N,0.00,N,0.00,N,0.0,0.0,0.0,0
2025-10-24,16:24:04,223.3,N,224.0,N,223.7,N,0.00,N,0.00,N,0.00,N,49.94,N,49.87,N,49.87,N,240.80,N,121.02,N,0.00,N,0.00,N,0.00,N,0.0,0.0,0.0,0
2025-10-24,16:24:11,221.2,N,223.9,N,224.7,N,0.00,N,0.00,N,0.00,N,49.94,N,49.91,N,49.90,N,239.65,N,120.18,N,0.00,N,0.00,N,0.00,N,0.0,0.0,0.0,0
2025-10-24,16:24:16,223.2,N,223.9,N,223.8,N,0.00,N,0.00,N,0.00,N,49.92,N,49.91,N,49.89,N,240.21,N,120.94,N,0.00,N,0.00,N,0.00,N,0.0,0.0,0.0,0
2025-10-24,16:24:20,221.6,N,224.0,N,224.6,N,0.00,N,0.00,N,0.00,N,49.93,N,49.90,N,49.91,N,240.40,N,120.82,N,0.00,N,0.00,N,0.00,N,0.0,0.0,0.0,0
2025-10-24,16:24:24,223.3,N,223.8,N,223.8,N,0.00,N,0.00,N,0.00,N,49.92,N,49.90,N,49.86,N,240.17,N,120.34,N,0.00,N,0.00,N,0.00,N,0.0,0.0,0.0,0
2025-10-24,16:24:28,221.6,N,223.8,N,224.6,N,0.00,N,0.00,N,0.00,N,49.89,N,49.92,N,49.90,N,239.70,N,120.56,N,0.00,N,0.00,N,0.00,N,0.0,0.0,0.0,0
2025-10-24,16:24:33,223.3,N,223.7,N,223.4,N,0.00,N,0.00,N,0.00,N,49.94,N,49.90,N,49.91,N,240.67,N,120.91,N,0.00,N,0.00,N,0.00,N,0.0,0.0,0.0,0
2025-10-24,16:24:38,221.8,N,223.8,N,224.3,N,0.00,N,0.00,N,0.00,N,49.92,N,49.92,N,49.90,N,239.75,N,120.29,N,0.00,N,0.00,N,0.00,N,0.0,0.0,0.0,0
2025-10-24,16:24:42,223.2,N,223.8,N,223.4,N,0.00,N,0.00,N,0.00,N,49.93,N,49.90,N,49.90,N,240.29,N,120.94,N,0.00,N,0.00,N,0.00,N,0.0,0.0,0.0,0
2025-10-24,16:24:48,222.0,N,223.4,N,224.0,N,0.00,N,0.00,N,0.00,N,49.91,N,49.91,N,49.91,N,240.32,N,120.60,N,0.00,N,0.00,N,0.00,N,0.0,0.0,0.0,0
2025-10-24,16:24:52,223.5,N,223.4,N,223.3,N,0.00,N,0.00,N,0.00,N,49.92,N,49.91,N,49.90,N,240.13,N,120.34,N,0.00,N,0.00,N,0.00,N,0.0,0.0,0.0,0
2025-10-24,16:24:56,221.8,N,223.7,N,224.3,N,0.00,N,0.00,N,0.00,N,49.91,N,49.90,N,49.90,N,239.62,N,120.74,N,0.00,N,0.00,N,0.00,N,0.0,0.0,0.0,0
2025-10-24,16:24:59,222.5,N,223.5,N,224.0,N,0.00,N,0.00,N,0.00,N,49.93,N,49.91,N,49.89,N,240.70,N,120.88,N,0.00,N,0.00,N,0.00,N,0.0,0.0,0.0,0
2025-10-24,16:25:00,223.6,N,223.8,N,223.4,N,0.00,N,0.00,N,0.00,N,49.93,N,49.89,N,49.91,N,240.61,N,120.74,N,0.00,N,0.00,N,0.00,N,0.0,0.0,0.0,0
2025-10-24,16:25:03,224.3,N,221.9,N,224.0,N,0.00,N,0.00,N,0.00,N,49.90,N,49.89,N,49.93,N,240.01,N,119.93,N,0.00,N,0.00,N,0.00,N,0.0,0.0,0.0,0
2025-10-24,16:25:03,222.1,N,223.4,N,224.6,N,0.00,N,0.00,N,0.00,N,49.91,N,49.90,N,49.88,N,239.76,N,120.13,N,0.00,N,0.00,N,0.00,N,0.0,0.0,0.0,0
2025-10-24,16:25:07,223.7,N,223.6,N,223.9,N,0.00,N,0.00,N,0.00,N,49.90,N,49.89,N,49.89,N,240.17,N,120.63,N,0.00,N,0.00,N,0.00,N,0.0,0.0,0.0,0
2025-10-24,16:25:11,222.0,N,223.6,N,224.7,N,0.00,N,0.00,N,0.00,N,49.91,N,49.88,N,49.89,N,240.19,N,120.62,N,0.00,N,0.00,N,0.00,N,0.0,0.0,0.0,0
2025-10-24,16:25:16,223.6,N,223.2,N,223.9,N,0.00,N,0.00,N,0.00,N,49.91,N,49.90,N,49.90,N,239.97,N,120.28,N,0.00,N,0.00,N,0.00,N,0.0,0.0,0.0,0
2025-10-24,16:25:19,221.9,N,223.0,N,224.6,N,0.00,N,0.00,N,0.00,N,49.92,N,49.91,N,49.90,N,239.70,N,120.27,N,0.00,N,0.00,N,0.00,N,0.0,0.0,0.0,0
2025-10-24,16:25:23,223.4,N,223.0,N,223.4,N,0.00,N,0.00,N,0.00,N,49.89,N,49.90,N,49.86,N,240.00,N,120.79,N,0.00,N,0.00,N,0.00,N,0.0,0.0,0.0,0
2025-10-24,16:25:28,221.7,N,222.6,N,224.2,N,0.00,N,0.00,N,0.00,N,49.87,N,49.86,N,49.90,N,240.52,N,120.65,N,0.00,N,0.00,N,0.00,N,0.0,0.0,0.0,0
2025-10-24,16:25:32,223.3,N,222.9,N,223.4,N,0.00,N,0.00,N,0.00,N,49.89,N,49.86,N,49.90,N,239.60,N,119.90,N,0.00,N,0.00,N,0.00,N,0.0,0.0,0.0,0
2025-10-24,16:25:39,221.5,N,222.9,N,224.8,N,0.00,N,0.00,N,0.00,N,49.87,N,49.91,N,49.85,N,239.36,N,120.47,N,0.00,N,0.00,N,0.00,N,0.0,0.0,0.0,0
2025-10-24,16:25:43,222.8,N,222.6,N,223.6,N,0.00,N,0.00,N,0.00,N,49.91,N,49.86,N,49.87,N,239.84,N,120.61,N,0.00,N,0.00,N,0.00,N,0.0,0.0,0.0,0
2025-10-24,16:25:51,221.2,N,222.4,N,224.4,N,0.00,N,0.00,N,0.00,N,49.89,N,49.90,N,49.91,N,239.54,N,119.96,N,0.00,N,0.00,N,0.00,N,0.0,0.0,0.0,0
2025-10-24,16:25:53,222.6,N,222.3,N,223.4,N,0.00,N,0.00,N,0.00,N,49.87,N,49.86,N,49.86,N,239.34,N,119.82,N,0.00,N,0.00,N,0.00,N,0.0,0.0,0.0,0
2025-10-24,16:26:02,222.8,N,222.8,N,223.4,N,0.00,N,0.00,N,0.00,N,49.87,N,49.86,N,49.86,N,240.41,N,120.60,N,0.00,N,0.00,N,0.00,N,0.0,0.0,0.0,0
2025-10-24,16:26:06,221.7,N,222.5,N,223.5,N,0.00,N,0.00,N,0.00,N,49.94,N,49.87,N,49.87,N,239.82,N,120.39,N,0.00,N,0.00,N,0.00,N,0.0,0.0,0.0,0
2025-10-24,16:26:15,222.8,N,222.4,N,223.4,N,0.00,N,0.00,N,0.00,N,49.91,N,49.85,N,49.85,N,239.97,N,120.47,N,0.00,N,0.00,N,0.00,N,0.0,0.0,0.0,0
2025-10-24,16:26:28,221.5,N,222.3,N,223.6,N,0.00,N,0.00,N,0.00,N,49.92,N,49.91,N,49.90,N,239.43,N,119.91,N,0.00,N,0.00,N,0.00,N,0.0,0.0,0.0,0
2025-10-24,16:26:32,222.6,N,222.2,N,223.2,N,0.00,N,0.00,N,0.00,N,49.93,N,49.89,N,49.90,N,239.93,N,120.51,N,0.00,N,0.00,N,0.00,N,0.0,0.0,0.0,0
2025-10-24,16:27:03,221.1,N,222.4,N,224.0,N,0.00,N,0.00,N,0.00,N,49.92,N,49.88,N,49.90,N,239.71,N,120.37,N,0.00,N,0.00,N,0.00,N,0.0,0.0,0.0,0
2025-10-24,16:27:07,222.7,N,222.5,N,223.2,N,0.00,N,0.00,N,0.00,N,49.91,N,49.91,N,49.93,N,239.95,N,120.76,N,0.00,N,0.00,N,0.00,N,0.0,0.0,0.0,0
2025-10-24,16:28:03,221.2,N,222.7,N,223.9,N,0.00,N,0.00,N,0.00,N,49.91,N,49.84,N,49.88,N,239.92,N,120.49,N,0.00,N,0.00,N,0.00,N,0.0,0.0,0.0,0
2025-10-24,16:28:06,222.6,N,222.2,N,222.8,N,0.00,N,0.00,N,0.00,N,49.91,N,49.88,N,49.90,N,240.07,N,120.22,N,0.00,N,0.00,N,0.00,N,0.0,0.0,0.0,0
2025-10-24,16:29:15,222.5,N,222.2,N,224.1,N,0.00,N,0.00,N,0.00,N,49.91,N,49.85,N,49.86,N,239.98,N,120.21,N,0.00,N,0.00,N,0.00,N,0.0,0.0,0.0,0
2025-10-24,16:29:19,223.6,N,222.2,N,223.7,N,0.00,N,0.00,N,0.00,N,49.91,N,49.85,N,49.90,N,240.00,N,120.35,N,0.00,N,0.00,N,0.00,N,0.0,0.0,0.0,0
2025-10-24,16:29:57,223.5,N,221.2,N,224.8,N,0.00,N,0.00,N,0.00,N,49.88,N,49.86,N,49.90,N,239.59,N,119.70,N,0.00,N,0.00,N,0.00,N,0.0,0.0,0.0,0
2025-10-24,16:30:26,222.2,N,221.8,N,226.1,N,0.00,N,0.00,N,0.00,N,49.91,N,49.88,N,49.89,N,239.12,N,119.56,N,0.00,N,0.00,N,0.00,N,0.0,0.0,0.0,0
2025-10-24,16:30:29,223.8,N,221.6,N,225.0,N,0.00,N,0.00,N,0.00,N,49.91,N,49.89,N,49.89,N,239.52,N,119.64,N,0.00,N,0.00,N,0.00,N,0.0,0.0,0.0,0
2025-10-24,16:31:20,223.3,N,222.3,N,223.8,N,0.00,N,0.00,N,0.00,N,49.91,N,49.89,N,49.85,N,239.58,N,119.95,N,0.00,N,0.00,N,0.00,N,0.0,0.0,0.0,0
2025-10-24,16:31:34,221.4,N,221.6,N,224.6,N,0.00,N,0.00,N,0.00,N,49.87,N,49.88,N,49.86,N,239.30,N,119.84,N,0.00,N,0.00,N,0.00,N,0.0,0.0,0.0,0
2025-10-24,16:31:38,222.8,N,221.7,N,224.3,N,0.00,N,0.00,N,0.00,N,49.89,N,49.85,N,49.90,N,239.15,N,119.53,N,0.00,N,0.00,N,0.00,N,0.0,0.0,0.0,0
2025-10-24,16:31:44,223.7,N,222.4,N,224.6,N,0.00,N,0.00,N,0.00,N,49.88,N,49.90,N,49.86,N,239.62,N,120.55,N,0.00,N,0.00,N,0.00,N,0.0,0.0,0.0,0
2025-10-24,16:31:45,223.5,N,222.9,N,223.1,N,0.00,N,0.00,N,0.00,N,49.89,N,49.85,N,49.86,N,240.52,N,120.79,N,0.00,N,0.00,N,0.00,N,0.0,0.0,0.0,0
2025-10-24,16:31:55,222.0,N,221.5,N,224.5,N,0.00,N,0.00,N,0.00,N,49.88,N,49.90,N,49.87,N,239.57,N,119.92,N,0.00,N,0.00,N,0.00,N,0.0,0.0,0.0,0
2025-10-24,16:32:44,220.1,N,221.8,N,225.5,N,0.00,N,0.00,N,0.00,N,49.91,N,49.88,N,49.90,N,239.62,N,120.20,N,0.00,N,0.00,N,0.00,N,0.0,0.0,0.0,0
2025-10-24,16:32:47,222.4,N,221.7,N,224.5,N,0.00,N,0.00,N,0.00,N,49.86,N,49.89,N,49.88,N,239.58,N,119.78,N,0.00,N,0.00,N,0.00,N,0.0,0.0,0.0,0
2025-10-24,16:33:20,223.0,N,221.4,N,224.2,N,0.00,N,0.00,N,0.00,N,49.91,N,49.86,N,49.89,N,239.60,N,120.31,N,0.00,N,0.00,N,0.00,N,0.0,0.0,0.0,0
2025-10-24,16:33:28,223.8,N,222.7,N,223.3,N,0.00,N,0.00,N,0.00,N,49.92,N,49.90,N,49.90,N,240.00,N,120.08,N,0.00,N,0.00,N,0.00,N,0.0,0.0,0.0,0
2025-10-24,16:33:53,222.7,N,222.3,N,223.4,N,0.00,N,0.00,N,0.00,N,49.88,N,49.90,N,49.87,N,240.54,N,120.62,N,0.00,N,0.00,N,0.00,N,0.0,0.0,0.0,0
2025-10-24,16:33:56,221.0,N,222.2,N,224.5,N,0.00,N,0.00,N,0.00,N,49.93,N,49.86,N,49.90,N,239.88,N,120.33,N,0.00,N,0.00,N,0.00,N,0.0,0.0,0.0,0
2025-10-24,16:33:58,222.5,N,222.1,N,223.6,N,0.00,N,0.00,N,0.00,N,49.87,N,49.86,N,49.90,N,239.67,N,119.86,N,0.00,N,0.00,N,0.00,N,0.0,0.0,0.0,0
2025-10-24,16:35:04,221.1,N,222.6,N,224.5,N,0.00,N,0.00,N,0.00,N,49.94,N,49.91,N,49.90,N,239.44,N,120.02,N,0.00,N,0.00,N,0.00,N,0.0,0.0,0.0,0
2025-10-24,16:35:08,222.6,N,222.7,N,223.6,N,0.00,N,0.00,N,0.00,N,49.91,N,49.93,N,49.94,N,239.84,N,120.43,N,0.00,N,0.00,N,0.00,N,0.0,0.0,0.0,0
2025-10-24,16:35:28,221.0,N,222.7,N,224.6,N,0.00,N,0.00,N,0.00,N,49.92,N,49.87,N,49.90,N,239.36,N,120.04,N,0.00,N,0.00,N,0.00,N,0.0,0.0,0.0,0
2025-10-24,16:35:32,222.3,N,222.8,N,224.1,N,0.00,N,0.00,N,0.00,N,49.92,N,49.86,N,49.91,N,239.60,N,120.49,N,0.00,N,0.00,N,0.00,N,0.0,0.0,0.0,0
2025-10-24,16:35:39,221.2,N,223.3,N,224.9,N,0.00,N,0.00,N,0.00,N,49.88,N,49.85,N,49.86,N,239.57,N,120.36,N,0.00,N,0.00,N,0.00,N,0.0,0.0,0.0,0
2025-10-24,16:35:42,222.6,N,223.4,N,224.2,N,0.00,N,0.00,N,0.00,N,49.88,N,49.86,N,49.91,N,239.68,N,119.97,N,0.00,N,0.00,N,0.00,N,0.0,0.0,0.0,0
2025-10-24,16:35:47,221.5,N,223.5,N,225.0,N,0.00,N,0.00,N,0.00,N,49.92,N,49.89,N,49.91,N,239.65,N,120.01,N,0.00,N,0.00,N,0.00,N,0.0,0.0,0.0,0
2025-10-24,16:35:53,222.6,N,223.4,N,224.2,N,0.00,N,0.00,N,0.00,N,49.91,N,49.90,N,49.86,N,240.38,N,120.63,N,0.00,N,0.00,N,0.00,N,0.0,0.0,0.0,0
2025-10-24,16:35:59,220.8,N,223.1,N,224.9,N,0.00,N,0.00,N,0.00,N,49.93,N,49.89,N,49.88,N,239.43,N,120.08,N,0.00,N,0.00,N,0.00,N,0.0,0.0,0.0,0
2025-10-24,16:36:02,222.5,N,223.2,N,224.1,N,0.00,N,0.00,N,0.00,N,49.89,N,49.86,N,49.90,N,239.78,N,120.58,N,0.00,N,0.00,N,0.00,N,0.0,0.0,0.0,0
2025-10-24,16:36:11,220.4,N,223.6,N,225.5,N,0.00,N,0.00,N,0.00,N,49.92,N,49.89,N,49.89,N,239.21,N,119.66,N,0.00,N,0.00,N,0.00,N,0.0,0.0,0.0,0
2025-10-24,16:36:15,222.8,N,223.6,N,224.3,N,0.00,N,0.00,N,0.00,N,49.92,N,49.90,N,49.91,N,239.73,N,120.08,N,0.00,N,0.00,N,0.00,N,0.0,0.0,0.0,0
2025-10-24,16:36:27,221.2,N,223.6,N,225.1,N,0.00,N,0.00,N,0.00,N,49.92,N,49.89,N,49.89,N,239.21,N,119.83,N,0.00,N,0.00,N,0.00,N,0.0,0.0,0.0,0
2025-10-24,16:36:30,222.5,N,223.4,N,224.3,N,0.00,N,0.00,N,0.00,N,49.92,N,49.90,N,49.90,N,239.64,N,120.63,N,0.00,N,0.00,N,0.00,N,0.0,0.0,0.0,0
2025-10-24,16:36:47,221.1,N,223.5,N,225.2,N,0.00,N,0.00,N,0.00,N,49.91,N,49.89,N,49.91,N,239.79,N,120.46,N,0.00,N,0.00,N,0.00,N,0.0,0.0,0.0,0
2025-10-24,16:36:50,222.8,N,223.3,N,224.2,N,0.00,N,0.00,N,0.00,N,49.89,N,49.89,N,49.90,N,240.34,N,120.57,N,0.00,N,0.00,N,0.00,N,0.0,0.0,0.0,0
2025-10-24,16:37:23,220.6,N,222.6,N,224.6,N,0.00,N,0.00,N,0.00,N,49.92,N,49.88,N,49.89,N,239.29,N,120.27,N,0.00,N,0.00,N,0.00,N,0.0,0.0,0.0,0
2025-10-24,16:37:26,221.7,N,222.2,N,223.9,N,0.00,N,0.00,N,0.00,N,49.92,N,49.90,N,49.90,N,240.18,N,120.48,N,0.00,N,0.00,N,0.00,N,0.0,0.0,0.0,0
2025-10-24,16:37:29,222.1,N,221.5,N,224.8,N,0.00,N,0.00,N,0.00,N,49.90,N,49.88,N,49.88,N,239.23,N,119.33,N,0.00,N,0.00,N,0.00,N,0.0,0.0,0.0,0
2025-10-24,16:37:52,220.6,N,221.8,N,225.9,N,0.00,N,0.00,N,0.00,N,49.89,N,49.90,N,49.89,N,239.27,N,119.94,N,0.00,N,0.00,N,0.00,N,0.0,0.0,0.0,0
2025-10-24,16:37:57,221.8,N,221.9,N,225.7,N,0.00,N,0.00,N,0.00,N,49.92,N,49.88,N,49.89,N,239.03,N,119.55,N,0.00,N,0.00,N,0.00,N,0.0,0.0,0.0,0
2025-10-24,16:38:00,218.7,N,218.1,N,222.0,N,0.00,N,0.00,N,0.00,N,49.93,N,49.85,N,49.94,N,239.34,N,120.05,N,0.00,N,0.00,N,0.00,N,0.0,0.0,0.0,0
2025-10-24,16:38:00,221.7,N,220.8,N,224.2,N,0.00,N,0.00,N,0.00,N,49.93,N,49.90,N,49.90,N,239.21,N,119.99,N,0.00,N,0.00,N,0.00,N,0.0,0.0,0.0,0
2025-10-24,16:38:03,220.0,N,220.6,N,225.0,N,0.00,N,0.00,N,0.00,N,49.91,N,49.86,N,49.89,N,239.77,N,120.06,N,0.00,N,0.00,N,0.00,N,0.0,0.0,0.0,0
2025-10-24,16:38:04,221.6,N,220.8,N,224.1,N,0.00,N,0.00,N,0.00,N,49.93,N,49.89,N,49.86,N,239.79,N,120.02,N,0.00,N,0.00,N,0.00,N,0.0,0.0,0.0,0
2025-10-24,16:38:10,220.2,N,220.8,N,225.1,N,0.00,N,0.00,N,0.00,N,49.91,N,49.85,N,49.90,N,238.77,N,119.30,N,0.00,N,0.00,N,0.00,N,0.0,0.0,0.0,0
2025-10-24,16:38:13,222.0,N,220.9,N,224.3,N,0.00,N,0.00,N,0.00,N,49.88,N,49.89,N,49.90,N,238.88,N,119.98,N,0.00,N,0.00,N,0.00,N,0.0,0.0,0.0,0
2025-10-24,16:38:16,222.9,N,221.0,N,223.7,N,0.00,N,0.00,N,0.00,N,49.93,N,49.90,N,49.90,N,240.23,N,120.29,N,0.00,N,0.00,N,0.00,N,0.0,0.0,0.0,0
2025-10-24,16:38:25,221.3,N,220.9,N,224.5,N,0.00,N,0.00,N,0.00,N,49.89,N,49.91,N,49.88,N,239.15,N,119.53,N,0.00,N,0.00,N,0.00,N,0.0,0.0,0.0,0
2025-10-24,16:38:28,222.7,N,220.7,N,223.4,N,0.00,N,0.00,N,0.00,N,49.88,N,49.91,N,49.88,N,239.43,N,120.12,N,0.00,N,0.00,N,0.00,N,0.0,0.0,0.0,0
2025-10-24,16:38:34,222.5,N,220.8,N,223.3,N,0.00,N,0.00,N,0.00,N,49.92,N,49.87,N,49.86,N,240.50,N,120.29,N,0.00,N,0.00,N,0.00,N,0.0,0.0,0.0,0
2025-10-24,16:38:44,221.4,N,221.0,N,224.4,N,0.00,N,0.00,N,0.00,N,49.92,N,49.90,N,49.84,N,239.63,N,120.02,N,0.00,N,0.00,N,0.00,N,0.0,0.0,0.0,0
2025-10-24,16:38:48,224.0,N,222.3,N,224.3,N,0.00,N,0.00,N,0.00,N,49.89,N,49.87,N,49.91,N,240.25,N,120.17,N,0.00,N,0.00,N,0.00,N,0.0,0.0,0.0,0
2025-10-24,16:39:31,222.0,N,222.5,N,224.7,N,0.00,N,0.00,N,0.00,N,49.91,N,49.90,N,49.86,N,239.88,N,120.16,N,0.00,N,0.00,N,0.00,N,0.0,0.0,0.0,0
2025-10-24,16:39:34,223.6,N,222.5,N,223.8,N,0.00,N,0.00,N,0.00,N,49.89,N,49.91,N,49.91,N,239.88,N,119.76,N,0.00,N,0.00,N,0.00,N,0.0,0.0,0.0,0
2025-10-24,16:40:42,221.5,N,222.8,N,224.5,N,0.00,N,0.00,N,0.00,N,49.88,N,49.91,N,49.90,N,239.43,N,120.40,N,0.00,N,0.00,N,0.00,N,0.0,0.0,0.0,0
2025-10-24,16:40:46,223.2,N,223.1,N,223.6,N,0.00,N,0.00,N,0.00,N,49.94,N,49.87,N,49.91,N,240.16,N,120.52,N,0.00,N,0.00,N,0.00,N,0.0,0.0,0.0,0
2025-10-24,16:41:13,222.9,N,221.8,N,223.6,N,0.00,N,0.00,N,0.00,N,49.94,N,49.88,N,49.91,N,239.83,N,120.43,N,0.00,N,0.00,N,0.00,N,0.0,0.0,0.0,0
2025-10-24,16:41:34,223.3,N,222.8,N,224.8,N,0.00,N,0.00,N,0.00,N,49.92,N,49.85,N,49.91,N,240.04,N,120.46,N,0.00,N,0.00,N,0.00,N,0.0,0.0,0.0,0
2025-10-24,16:41:55,221.9,N,222.6,N,225.6,N,0.00,N,0.00,N,0.00,N,49.92,N,49.91,N,49.91,N,239.19,N,119.88,N,0.00,N,0.00,N,0.00,N,0.0,0.0,0.0,0
2025-10-24,16:41:59,223.5,N,222.8,N,224.9,N,0.00,N,0.00,N,0.00,N,49.88,N,49.89,N,49.89,N,239.79,N,120.38,N,0.00,N,0.00,N,0.00,N,0.0,0.0,0.0,0
2025-10-24,16:43:08,221.9,N,222.8,N,225.8,N,0.00,N,0.00,N,0.00,N,49.92,N,49.90,N,49.90,N,239.36,N,120.28,N,0.00,N,0.00,N,0.00,N,0.0,0.0,0.0,0
2025-10-24,16:43:12,223.8,N,223.1,N,224.8,N,0.00,N,0.00,N,0.00,N,49.96,N,49.90,N,49.89,N,240.51,N,120.65,N,0.00,N,0.00,N,0.00,N,0.0,0.0,0.0,0
2025-10-24,16:43:36,223.5,N,223.0,N,224.7,N,0.00,N,0.00,N,0.00,N,49.91,N,49.93,N,49.88,N,239.68,N,119.62,N,0.00,N,0.00,N,0.00,N,0.0,0.0,0.0,0
2025-10-24,16:43:50,222.8,N,221.6,N,223.8,N,0.00,N,0.00,N,0.00,N,49.90,N,49.87,N,49.92,N,239.79,N,120.38,N,0.00,N,0.00,N,0.00,N,0.0,0.0,0.0,0
2025-10-24,16:44:19,223.7,N,223.1,N,224.8,N,0.00,N,0.00,N,0.00,N,49.94,N,49.89,N,49.88,N,240.25,N,120.30,N,0.00,N,0.00,N,0.00,N,0.0,0.0,0.0,0
2025-10-24,16:44:22,221.8,N,222.3,N,225.3,N,0.00,N,0.00,N,0.00,N,49.91,N,49.90,N,49.93,N,239.73,N,119.72,N,0.00,N,0.00,N,0.00,N,0.0,0.0,0.0,0
2025-10-24,16:44:25,223.6,N,223.2,N,225.2,N,0.00,N,0.00,N,0.00,N,49.93,N,49.89,N,49.95,N,239.53,N,120.56,N,0.00,N,0.00,N,0.00,N,0.0,0.0,0.0,0
2025-10-24,16:45:33,221.8,N,222.5,N,225.5,N,0.00,N,0.00,N,0.00,N,49.92,N,49.91,N,49.90,N,239.30,N,119.75,N,0.00,N,0.00,N,0.00,N,0.0,0.0,0.0,0
2025-10-24,16:45:37,223.3,N,222.7,N,224.7,N,0.00,N,0.00,N,0.00,N,49.88,N,49.89,N,49.89,N,239.90,N,120.06,N,0.00,N,0.00,N,0.00,N,0.0,0.0,0.0,0
2025-10-24,16:46:16,224.0,N,223.1,N,225.8,N,0.00,N,0.00,N,0.00,N,49.87,N,49.90,N,49.85,N,239.57,N,120.26,N,0.00,N,0.00,N,0.00,N,0.0,0.0,0.0,0
2025-10-24,16:46:17,223.8,N,224.0,N,224.4,N,0.00,N,0.00,N,0.00,N,49.91,N,49.85,N,49.88,N,240.37,N,120.75,N,0.00,N,0.00,N,0.00,N,0.0,0.0,0.0,0
2025-10-24,16:46:20,224.3,N,222.2,N,224.5,N,0.00,N,0.00,N,0.00,N,49.92,N,49.89,N,49.85,N,240.58,N,120.81,N,0.00,N,0.00,N,0.00,N,0.0,0.0,0.0,0
2025-10-24,16:46:21,223.8,N,223.5,N,224.3,N,0.00,N,0.00,N,0.00,N,49.86,N,49.84,N,49.85,N,240.41,N,120.73,N,0.00,N,0.00,N,0.00,N,0.0,0.0,0.0,0
2025-10-24,16:46:36,223.4,N,222.9,N,225.4,N,0.00,N,0.00,N,0.00,N,49.87,N,49.86,N,49.89,N,240.10,N,120.31,N,0.00,N,0.00,N,0.00,N,0.0,0.0,0.0,0
2025-10-24,16:46:39,220.9,N,222.7,N,226.5,N,0.00,N,0.00,N,0.00,N,49.85,N,49.86,N,49.89,N,239.47,N,120.13,N,0.00,N,0.00,N,0.00,N,0.0,0.0,0.0,0
2025-10-24,16:46:44,222.0,N,222.3,N,226.3,N,0.00,N,0.00,N,0.00,N,49.87,N,49.89,N,49.91,N,239.35,N,119.84,N,0.00,N,0.00,N,0.00,N,0.0,0.0,0.0,0
2025-10-24,16:46:45,223.6,N,222.3,N,225.3,N,0.00,N,0.00,N,0.00,N,49.86,N,49.86,N,49.85,N,239.73,N,119.97,N,0.00,N,0.00,N,0.00,N,0.0,0.0,0.0,0
2025-10-24,16:46:49,222.4,N,222.7,N,225.9,N,0.00,N,0.00,N,0.00,N,49.90,N,49.86,N,49.85,N,239.71,N,120.38,N,0.00,N,0.00,N,0.00,N,0.0,0.0,0.0,0
2025-10-24,16:47:18,223.5,N,222.7,N,225.2,N,0.00,N,0.00,N,0.00,N,49.91,N,49.89,N,49.85,N,239.71,N,120.29,N,0.00,N,0.00,N,0.00,N,0.0,0.0,0.0,0
2025-10-24,16:47:22,222.4,N,222.6,N,225.8,N,0.00,N,0.00,N,0.00,N,49.90,N,49.89,N,49.88,N,240.12,N,120.23,N,0.00,N,0.00,N,0.00,N,0.0,0.0,0.0,0
2025-10-24,16:47:24,222.0,N,222.5,N,226.1,N,0.00,N,0.00,N,0.00,N,49.91,N,49.90,N,49.89,N,239.11,N,119.55,N,0.00,N,0.00,N,0.00,N,0.0,0.0,0.0,0
2025-10-24,16:47:26,223.2,N,222.5,N,225.7,N,0.00,N,0.00,N,0.00,N,49.91,N,49.89,N,49.85,N,239.60,N,119.90,N,0.00,N,0.00,N,0.00,N,0.0,0.0,0.0,0
2025-10-24,16:47:36,222.0,N,222.4,N,225.9,N,0.00,N,0.00,N,0.00,N,49.92,N,49.89,N,49.85,N,239.54,N,120.03,N,0.00,N,0.00,N,0.00,N,0.0,0.0,0.0,0
2025-10-24,16:47:39,223.6,N,222.3,N,225.0,N,0.00,N,0.00,N,0.00,N,49.91,N,49.84,N,49.88,N,239.60,N,119.82,N,0.00,N,0.00,N,0.00,N,0.0,0.0,0.0,0
2025-10-24,16:47:53,221.8,N,222.4,N,225.7,N,0.00,N,0.00,N,0.00,N,49.89,N,49.88,N,49.87,N,239.10,N,119.60,N,0.00,N,0.00,N,0.00,N,0.0,0.0,0.0,0
2025-10-24,16:47:57,223.4,N,222.4,N,224.9,N,0.00,N,0.00,N,0.00,N,49.90,N,49.87,N,49.89,N,239.63,N,120.28,N,0.00,N,0.00,N,0.00,N,0.0,0.0,0.0,0
2025-10-24,16:48:05,224.2,N,223.6,N,224.0,N,0.00,N,0.00,N,0.00,N,49.91,N,49.89,N,49.89,N,240.07,N,120.30,N,0.00,N,0.00,N,0.00,N,0.0,0.0,0.0,0
2025-10-24,16:48:18,222.2,N,223.5,N,224.8,N,0.00,N,0.00,N,0.00,N,49.87,N,49.83,N,49.83,N,240.24,N,120.69,N,0.00,N,0.00,N,0.00,N,0.0,0.0,0.0,0
2025-10-24,16:48:21,224.0,N,223.3,N,223.8,N,0.00,N,0.00,N,0.00,N,49.91,N,49.84,N,49.87,N,240.15,N,120.30,N,0.00,N,0.00,N,0.00,N,0.0,0.0,0.0,0
2025-10-24,16:48:41,223.4,N,222.2,N,224.0,N,0.00,N,0.00,N,0.00,N,49.87,N,49.85,N,49.86,N,239.84,N,119.94,N,0.00,N,0.00,N,0.00,N,0.0,0.0,0.0,0
2025-10-24,16:48:52,222.3,N,221.8,N,223.2,N,0.00,N,0.00,N,0.00,N,49.87,N,49.86,N,49.85,N,239.86,N,120.49,N,0.00,N,0.00,N,0.00,N,0.0,0.0,0.0,0
2025-10-24,16:49:13,220.5,N,221.5,N,224.0,N,0.00,N,0.00,N,0.00,N,49.91,N,49.90,N,49.89,N,239.57,N,120.27,N,0.00,N,0.00,N,0.00,N,0.0,0.0,0.0,0
2025-10-24,16:49:16,221.7,N,222.7,N,225.2,N,0.00,N,0.00,N,0.00,N,49.91,N,49.91,N,49.89,N,239.35,N,119.92,N,0.00,N,0.00,N,0.00,N,0.0,0.0,0.0,0
2025-10-24,16:49:17,223.5,N,222.6,N,224.3,N,0.00,N,0.00,N,0.00,N,49.92,N,49.84,N,49.87,N,239.85,N,120.13,N,0.00,N,0.00,N,0.00,N,0.0,0.0,0.0,0
2025-10-24,16:50:23,221.9,N,222.9,N,225.3,N,0.00,N,0.00,N,0.00,N,49.92,N,49.90,N,49.91,N,239.82,N,120.00,N,0.00,N,0.00,N,0.00,N,0.0,0.0,0.0,0
2025-10-24,16:50:27,223.5,N,222.9,N,224.4,N,0.00,N,0.00,N,0.00,N,49.90,N,49.89,N,49.89,N,239.68,N,120.41,N,0.00,N,0.00,N,0.00,N,0.0,0.0,0.0,0
2025-10-24,16:51:25,223.9,N,222.8,N,224.3,N,0.00,N,0.00,N,0.00,N,49.86,N,49.89,N,49.85,N,240.78,N,120.56,N,0.00,N,0.00,N,0.00,N,0.0,0.0,0.0,0
2025-10-24,16:51:43,223.9,N,222.5,N,225.9,N,0.00,N,0.00,N,0.00,N,49.90,N,49.89,N,49.88,N,240.09,N,120.00,N,0.00,N,0.00,N,0.00,N,0.0,0.0,0.0,0
2025-10-24,16:52:36,223.1,N,221.4,N,225.3,N,0.00,N,0.00,N,0.00,N,49.88,N,49.90,N,49.90,N,239.59,N,119.84,N,0.00,N,0.00,N,0.00,N,0.0,0.0,0.0,0
2025-10-24,16:52:51,221.0,N,221.0,N,225.6,N,0.00,N,0.00,N,0.00,N,49.91,N,49.89,N,49.86,N,239.35,N,119.81,N,0.00,N,0.00,N,0.00,N,0.0,0.0,0.0,0
2025-10-24,16:53:02,222.5,N,220.9,N,224.6,N,0.00,N,0.00,N,0.00,N,49.92,N,49.88,N,49.91,N,239.57,N,119.90,N,0.00,N,0.00,N,0.00,N,0.0,0.0,0.0,0
2025-10-24,16:53:20,221.4,N,220.1,N,224.2,N,0.00,N,0.00,N,0.00,N,49.96,N,49.90,N,49.94,N,239.52,N,119.74,N,0.00,N,0.00,N,0.00,N,0.0,0.0,0.0,0
2025-10-24,16:53:43,222.4,N,221.2,N,225.1,N,0.00,N,0.00,N,0.00,N,49.93,N,49.93,N,49.90,N,239.43,N,119.96,N,0.00,N,0.00,N,0.00,N,0.0,0.0,0.0,0
2025-10-24,16:54:05,221.1,N,221.3,N,226.4,N,0.00,N,0.00,N,0.00,N,49.91,N,49.89,N,49.89,N,238.96,N,119.42,N,0.00,N,0.00,N,0.00,N,0.0,0.0,0.0,0
2025-10-24,16:54:08,222.7,N,221.0,N,225.3,N,0.00,N,0.00,N,0.00,N,49.89,N,49.87,N,49.87,N,239.13,N,119.99,N,0.00,N,0.00,N,0.00,N,0.0,0.0,0.0,0
2025-10-24,16:54:13,222.8,N,221.4,N,225.4,N,0.00,N,0.00,N,0.00,N,49.90,N,49.89,N,49.89,N,240.14,N,120.11,N,0.00,N,0.00,N,0.00,N,0.0,0.0,0.0,0
2025-10-24,16:54:37,223.4,N,222.6,N,225.8,N,0.00,N,0.00,N,0.00,N,49.91,N,49.89,N,49.88,N,239.67,N,120.06,N,0.00,N,0.00,N,0.00,N,0.0,0.0,0.0,0
2025-10-24,16:55:14,222.0,N,222.4,N,226.5,N,0.00,N,0.00,N,0.00,N,49.91,N,49.88,N,49.84,N,239.56,N,119.63,N,0.00,N,0.00,N,0.00,N,0.0,0.0,0.0,0
2025-10-24,16:55:18,223.4,N,222.2,N,225.8,N,0.00,N,0.00,N,0.00,N,49.92,N,49.90,N,49.86,N,239.57,N,119.99,N,0.00,N,0.00,N,0.00,N,0.0,0.0,0.0,0
2025-10-24,16:56:28,222.3,N,221.7,N,226.6,N,0.00,N,0.00,N,0.00,N,49.90,N,49.89,N,49.84,N,239.32,N,119.71,N,0.00,N,0.00,N,0.00,N,0.0,0.0,0.0,0
2025-10-24,16:56:32,223.8,N,221.9,N,225.8,N,0.00,N,0.00,N,0.00,N,49.92,N,49.91,N,49.86,N,239.75,N,119.89,N,0.00,N,0.00,N,0.00,N,0.0,0.0,0.0,0
2025-10-24,16:56:38,223.8,N,221.8,N,225.7,N,0.00,N,0.00,N,0.00,N,49.88,N,49.86,N,49.90,N,240.26,N,120.00,N,0.00,N,0.00,N,0.00,N,0.0,0.0,429496640.0,0
2025-10-24,16:56:39,223.9,N,222.0,N,225.8,N,0.00,N,0.00,N,0.00,N,49.88,N,49.86,N,49.89,N,240.10,N,119.92,N,0.00,N,0.00,N,0.00,N,0.0,0.0,0.0,0
2025-10-24,16:56:56,222.6,N,222.2,N,226.8,N,0.00,N,0.00,N,0.00,N,49.89,N,49.90,N,49.91,N,239.81,N,119.86,N,0.00,N,0.00,N,0.00,N,0.0,0.0,0.0,0
2025-10-24,16:57:14,223.8,N,221.9,N,225.8,N,0.00,N,0.00,N,0.00,N,49.90,N,49.84,N,49.88,N,239.54,N,119.35,N,0.00,N,0.00,N,0.00,N,0.0,0.0,0.0,0
2025-10-24,16:57:38,221.6,N,221.7,N,226.7,N,0.00,N,0.00,N,0.00,N,49.87,N,49.89,N,49.89,N,238.89,N,119.78,N,0.00,N,0.00,N,0.00,N,0.0,0.0,0.0,0
2025-10-24,16:57:42,222.8,N,221.3,N,225.9,N,0.00,N,0.00,N,0.00,N,49.88,N,49.84,N,49.90,N,239.48,N,119.69,N,0.00,N,0.00,N,0.00,N,0.0,0.0,0.0,0
2025-10-24,16:58:05,222.1,N,220.8,N,224.8,N,0.00,N,0.00,N,0.00,N,49.91,N,49.90,N,49.90,N,239.51,N,119.87,N,0.00,N,0.00,N,0.00,N,0.0,0.0,0.0,0
2025-10-24,16:58:20,223.2,N,221.4,N,225.5,N,0.00,N,0.00,N,0.00,N,49.90,N,49.86,N,49.89,N,239.61,N,119.87,N,0.00,N,0.00,N,0.00,N,0.0,0.0,0.0,0
2025-10-24,16:58:45,223.8,N,222.5,N,226.2,N,0.00,N,0.00,N,0.00,N,49.90,N,49.89,N,49.85,N,240.05,N,120.11,N,0.00,N,0.00,N,0.00,N,0.0,0.0,0.0,0
2025-10-24,16:58:48,222.6,N,222.2,N,226.8,N,0.00,N,0.00,N,0.00,N,49.86,N,49.85,N,49.89,N,239.63,N,119.90,N,0.00,N,0.00,N,0.00,N,0.0,0.0,0.0,0
2025-10-24,16:58:51,223.8,N,222.1,N,226.1,N,0.00,N,0.00,N,0.00,N,49.92,N,49.89,N,49.85,N,239.54,N,119.51,N,0.00,N,0.00,N,0.00,N,0.0,0.0,0.0,0
2025-10-24,16:58:57,222.6,N,221.6,N,225.3,N,0.00,N,0.00,N,0.00,N,49.91,N,49.87,N,49.84,N,239.34,N,120.04,N,0.00,N,0.00,N,0.00,N,0.0,0.0,0.0,0
2025-10-24,16:59:59,221.3,N,221.5,N,226.3,N,0.00,N,0.00,N,0.00,N,49.93,N,49.84,N,49.89,N,239.29,N,119.73,N,0.00,N,0.00,N,0.00,N,0.0,0.0,0.0,0
2025-10-24,17:00:03,222.2,N,222.7,N,227.4,N,0.00,N,0.00,N,0.00,N,49.87,N,49.88,N,49.84,N,238.96,N,119.25,N,0.00,N,0.00,N,0.00,N,0.0,0.0,0.0,0
2025-10-24,17:00:03,224.0,N,222.5,N,226.5,N,0.00,N,0.00,N,0.00,N,49.90,N,49.84,N,49.85,N,239.60,N,119.55,N,0.00,N,0.00,N,0.00,N,0.0,0.0,0.0,0
2025-10-24,17:00:33,222.6,N,222.4,N,226.3,N,0.00,N,0.00,N,0.00,N,49.91,N,49.89,N,49.87,N,239.26,N,119.94,N,0.00,N,0.00,N,0.00,N,0.0,0.0,0.0,0
2025-10-24,17:00:42,223.7,N,222.4,N,226.2,N,0.00,N,0.00,N,0.00,N,49.95,N,49.93,N,49.88,N,239.39,N,119.38,N,0.00,N,0.00,N,0.00,N,0.0,0.0,0.0,0
2025-10-24,17:01:11,222.1,N,222.3,N,226.7,N,0.00,N,0.00,N,0.00,N,49.91,N,49.89,N,49.89,N,239.23,N,119.80,N,0.00,N,0.00,N,0.00,N,0.0,0.0,0.0,0
2025-10-24,17:01:14,223.5,N,222.4,N,226.3,N,0.00,N,0.00,N,0.00,N,49.90,N,49.88,N,49.88,N,239.56,N,119.78,N,0.00,N,0.00,N,0.00,N,0.0,0.0,0.0,0
2025-10-24,17:01:52,224.0,N,223.1,N,224.4,N,0.00,N,0.00,N,0.00,N,49.87,N,49.89,N,49.83,N,239.99,N,120.54,N,0.00,N,0.00,N,0.00,N,0.0,0.0,0.0,0
2025-10-24,17:02:21,222.1,N,223.7,N,224.7,N,0.00,N,0.00,N,0.00,N,49.91,N,49.89,N,49.84,N,239.52,N,120.66,N,0.00,N,0.00,N,0.00,N,0.0,0.0,0.0,0
2025-10-24,17:02:25,223.6,N,223.8,N,223.9,N,0.00,N,0.00,N,0.00,N,49.86,N,49.88,N,49.88,N,240.12,N,120.67,N,0.00,N,0.00,N,0.00,N,0.0,0.0,0.0,0
2025-10-24,17:02:42,223.8,N,224.1,N,224.1,N,0.00,N,0.00,N,0.00,N,49.91,N,49.88,N,49.89,N,240.50,N,120.78,N,0.00,N,0.00,N,0.00,N,0.0,0.0,0.0,0
2025-10-24,17:03:49,223.9,N,223.7,N,224.6,N,0.00,N,0.00,N,0.00,N,49.87,N,49.89,N,49.83,N,239.94,N,120.59,N,0.00,N,0.00,N,0.00,N,0.0,0.0,0.0,0
2025-10-24,17:03:50,222.5,N,223.8,N,225.0,N,0.00,N,0.00,N,0.00,N,49.90,N,49.87,N,49.88,N,239.62,N,120.56,N,0.00,N,0.00,N,0.00,N,0.0,0.0,0.0,0
2025-10-24,17:04:17,222.8,N,222.7,N,225.8,N,0.00,N,0.00,N,0.00,N,49.91,N,49.88,N,49.87,N,239.53,N,120.12,N,0.00,N,0.00,N,0.00,N,0.0,0.0,0.0,0
2025-10-24,17:04:44,221.9,N,223.2,N,227.1,N,0.00,N,0.00,N,0.00,N,49.89,N,49.89,N,49.89,N,238.98,N,119.88,N,0.00,N,0.00,N,0.00,N,0.0,0.0,0.0,0
2025-10-24,17:04:48,223.5,N,223.2,N,226.5,N,0.00,N,0.00,N,0.00,N,49.92,N,49.90,N,49.89,N,240.01,N,120.00,N,0.00,N,0.00,N,0.00,N,0.0,0.0,0.0,0
2025-10-24,17:05:35,224.7,N,223.5,N,225.3,N,0.00,N,0.00,N,0.00,N,49.90,N,49.84,N,49.88,N,240.27,N,120.18,N,0.00,N,0.00,N,0.00,N,0.0,0.0,0.0,0
2025-10-24,17:05:45,223.6,N,222.8,N,224.5,N,0.00,N,0.00,N,0.00,N,49.91,N,49.88,N,49.83,N,239.76,N,120.15,N,0.00,N,0.00,N,0.00,N,0.0,0.0,0.0,0
2025-10-24,17:05:53,222.2,N,222.6,N,225.5,N,0.00,N,0.00,N,0.00,N,49.86,N,49.85,N,49.88,N,239.87,N,120.07,N,0.00,N,0.00,N,0.00,N,0.0,0.0,0.0,0
2025-10-24,17:05:56,223.9,N,222.6,N,224.8,N,0.00,N,0.00,N,0.00,N,49.91,N,49.87,N,49.85,N,239.73,N,119.63,N,0.00,N,0.00,N,0.00,N,0.0,0.0,0.0,0
2025-10-24,17:06:21,222.8,N,222.3,N,224.1,N,0.00,N,0.00,N,0.00,N,49.88,N,49.86,N,49.89,N,240.19,N,120.18,N,0.00,N,0.00,N,0.00,N,0.0,0.0,0.0,0
2025-10-24,17:06:50,221.3,N,223.1,N,225.2,N,0.00,N,0.00,N,0.00,N,49.91,N,49.90,N,49.89,N,239.65,N,120.18,N,0.00,N,0.00,N,0.00,N,0.0,0.0,0.0,0
2025-10-24,17:06:54,222.5,N,222.8,N,224.9,N,0.00,N,0.00,N,0.00,N,49.90,N,49.90,N,49.89,N,239.81,N,120.08,N,0.00,N,0.00,N,0.00,N,0.0,0.0,0.0,0
2025-10-24,17:06:59,220.8,N,222.3,N,225.2,N,0.00,N,0.00,N,0.00,N,49.87,N,49.88,N,49.84,N,239.12,N,119.73,N,0.00,N,0.00,N,0.00,N,0.0,0.0,0.0,0
2025-10-24,17:07:03,222.2,N,222.4,N,224.4,N,0.00,N,0.00,N,0.00,N,49.91,N,49.85,N,49.84,N,239.29,N,119.29,N,0.00,N,0.00,N,0.00,N,0.0,0.0,0.0,0
2025-10-24,17:07:03,222.0,N,222.6,N,224.3,N,0.00,N,0.00,N,0.00,N,49.86,N,49.85,N,49.85,N,239.50,N,120.32,N,0.00,N,0.00,N,0.00,N,0.0,0.0,0.0,0
2025-10-24,17:07:14,221.6,N,222.8,N,225.4,N,0.00,N,0.00,N,0.00,N,49.87,N,49.89,N,49.88,N,239.61,N,120.07,N,0.00,N,0.00,N,0.00,N,0.0,0.0,0.0,0
2025-10-24,17:08:10,220.4,N,222.8,N,226.1,N,0.00,N,0.00,N,0.00,N,49.95,N,49.90,N,49.90,N,239.28,N,119.99,N,0.00,N,0.00,N,0.00,N,0.0,0.0,0.0,0
2025-10-24,17:08:14,222.1,N,222.6,N,225.0,N,0.00,N,0.00,N,0.00,N,49.89,N,49.89,N,49.89,N,239.38,N,119.64,N,0.00,N,0.00,N,0.00,N,0.0,0.0,0.0,0
2025-10-24,17:09:13,221.7,N,221.4,N,224.8,N,0.00,N,0.00,N,0.00,N,49.92,N,49.90,N,49.88,N,239.33,N,119.62,N,0.00,N,0.00,N,0.00,N,0.0,0.0,0.0,0
2025-10-24,17:09:22,220.4,N,222.1,N,226.1,N,0.00,N,0.00,N,0.00,N,49.93,N,49.86,N,49.89,N,239.24,N,119.88,N,0.00,N,0.00,N,0.00,N,0.0,0.0,0.0,0
2025-10-24,17:09:26,222.0,N,222.1,N,225.4,N,0.00,N,0.00,N,0.00,N,49.93,N,49.90,N,49.86,N,239.30,N,119.66,N,0.00,N,0.00,N,0.00,N,0.0,0.0,0.0,0
2025-10-24,17:09:57,222.6,N,223.3,N,225.7,N,0.00,N,0.00,N,0.00,N,49.92,N,49.90,N,49.86,N,239.31,N,119.50,N,0.00,N,0.00,N,0.00,N,0.0,0.0,0.0,0
2025-10-24,17:10:26,221.3,N,223.1,N,226.7,N,0.00,N,0.00,N,0.00,N,49.87,N,49.84,N,49.84,N,239.39,N,119.87,N,0.00,N,0.00,N,0.00,N,0.0,0.0,0.0,0
2025-10-24,17:10:30,223.0,N,222.9,N,225.8,N,0.00,N,0.00,N,0.00,N,49.91,N,49.84,N,49.85,N,239.45,N,119.59,N,0.00,N,0.00,N,0.00,N,0.0,0.0,0.0,0
2025-10-24,17:11:37,221.3,N,223.5,N,227.3,N,0.00,N,0.00,N,0.00,N,49.92,N,49.85,N,49.85,N,238.84,N,119.93,N,0.00,N,0.00,N,0.00,N,0.0,0.0,0.0,0
2025-10-24,17:11:41,222.7,N,223.5,N,226.2,N,0.00,N,0.00,N,0.00,N,49.88,N,49.84,N,49.84,N,239.79,N,120.11,N,0.00,N,0.00,N,0.00,N,0.0,0.0,0.0,0
2025-10-24,17:11:53,222.6,N,222.4,N,225.4,N,0.00,N,0.00,N,0.00,N,49.89,N,49.87,N,49.87,N,239.42,N,119.54,N,0.00,N,0.00,N,0.00,N,0.0,0.0,0.0,0
2025-10-24,17:12:46,221.5,N,222.2,N,225.8,N,0.00,N,0.00,N,0.00,N,49.87,N,49.88,N,49.88,N,239.08,N,119.96,N,0.00,N,0.00,N,0.00,N,0.0,0.0,0.0,0
2025-10-24,17:12:49,223.4,N,222.5,N,225.2,N,0.00,N,0.00,N,0.00,N,49.90,N,49.89,N,49.88,N,239.03,N,120.00,N,0.00,N,0.00,N,0.00,N,0.0,0.0,0.0,0
2025-10-24,17:12:50,223.3,N,222.5,N,225.0,N,0.00,N,0.00,N,0.00,N,49.87,N,49.87,N,49.88,N,240.18,N,120.18,N,0.00,N,0.00,N,0.00,N,0.0,0.0,0.0,0
2025-10-24,17:14:00,222.2,N,222.2,N,225.8,N,0.00,N,0.00,N,0.00,N,49.88,N,49.86,N,49.86,N,239.26,N,119.49,N,0.00,N,0.00,N,0.00,N,0.0,0.0,0.0,0
2025-10-24,17:14:04,223.7,N,222.4,N,225.0,N,0.00,N,0.00,N,0.00,N,49.87,N,49.80,N,49.85,N,239.60,N,119.55,N,0.00,N,0.00,N,0.00,N,0.0,0.0,0.0,0
2025-10-24,17:15:08,221.9,N,222.4,N,225.3,N,0.00,N,0.00,N,0.00,N,49.92,N,49.85,N,49.90,N,239.15,N,119.88,N,0.00,N,0.00,N,0.00,N,0.0,0.0,0.0,0
2025-10-24,17:15:11,223.5,N,222.3,N,224.4,N,0.00,N,0.00,N,0.00,N,49.91,N,49.89,N,49.89,N,239.86,N,119.93,N,0.00,N,0.00,N,0.00,N,0.0,0.0,0.0,0
2025-10-24,17:16:21,221.3,N,221.9,N,224.9,N,0.00,N,0.00,N,0.00,N,49.92,N,49.85,N,49.88,N,239.52,N,119.94,N,0.00,N,0.00,N,0.00,N,0.0,0.0,0.0,0
2025-10-24,17:16:25,222.9,N,222.0,N,223.9,N,0.00,N,0.00,N,0.00,N,49.87,N,49.89,N,49.89,N,239.80,N,119.77,N,0.00,N,0.00,N,0.00,N,0.0,0.0,0.0,0
2025-10-24,17:17:30,221.1,N,221.5,N,224.6,N,0.00,N,0.00,N,0.00,N,49.91,N,49.89,N,49.85,N,240.20,N,120.05,N,0.00,N,0.00,N,0.00,N,0.0,0.0,0.0,0
2025-10-24,17:17:33,221.4,N,221.9,N,224.6,N,0.00,N,0.00,N,0.00,N,49.92,N,49.89,N,49.90,N,239.08,N,119.40,N,0.00,N,0.00,N,0.00,N,0.0,0.0,0.0,0
2025-10-24,17:17:34,223.2,N,221.3,N,223.7,N,0.00,N,0.00,N,0.00,N,49.92,N,49.86,N,49.90,N,239.64,N,119.53,N,0.00,N,0.00,N,0.00,N,0.0,0.0,0.0,0
2025-10-24,17:18:11,223.2,N,220.1,N,223.8,N,0.00,N,0.00,N,0.00,N,49.90,N,49.93,N,49.89,N,239.42,N,119.01,N,0.00,N,0.00,N,0.00,N,0.0,0.0,0.0,0
2025-10-24,17:18:13,222.7,N,221.2,N,223.5,N,0.00,N,0.00,N,0.00,N,49.90,N,49.88,N,49.93,N,239.74,N,119.73,N,0.00,N,0.00,N,0.00,N,0.0,0.0,0.0,0
2025-10-24,17:18:37,221.6,N,221.4,N,224.7,N,0.00,N,0.00,N,0.00,N,49.92,N,49.90,N,49.89,N,239.20,N,119.55,N,0.00,N,0.00,N,0.00,N,0.0,0.0,0.0,0
2025-10-24,17:18:40,223.2,N,221.6,N,223.7,N,0.00,N,0.00,N,0.00,N,49.94,N,49.90,N,49.91,N,239.59,N,119.97,N,0.00,N,0.00,N,0.00,N,0.0,0.0,0.0,0
2025-10-24,17:19:45,222.0,N,221.4,N,223.5,N,0.00,N,0.00,N,0.00,N,49.91,N,49.85,N,49.86,N,239.49,N,120.25,N,0.00,N,0.00,N,0.00,N,0.0,0.0,0.0,0
2025-10-24,17:19:48,220.6,N,221.6,N,224.6,N,0.00,N,0.00,N,0.00,N,49.88,N,49.85,N,49.85,N,239.60,N,119.93,N,0.00,N,0.00,N,0.00,N,0.0,0.0,0.0,0
2025-10-24,17:19:52,222.1,N,221.4,N,223.8,N,0.00,N,0.00,N,0.00,N,49.87,N,49.87,N,49.90,N,239.97,N,120.11,N,0.00,N,0.00,N,0.00,N,0.0,0.0,0.0,0
2025-10-24,17:21:02,221.0,N,221.8,N,224.6,N,0.00,N,0.00,N,0.00,N,49.91,N,49.89,N,49.85,N,239.23,N,119.69,N,0.00,N,0.00,N,0.00,N,0.0,0.0,0.0,0
2025-10-24,17:21:06,222.6,N,221.7,N,223.9,N,0.00,N,0.00,N,0.00,N,49.92,N,49.89,N,49.83,N,239.43,N,119.56,N,0.00,N,0.00,N,0.00,N,0.0,0.0,0.0,0
2025-10-24,17:22:14,220.9,N,222.3,N,225.2,N,0.00,N,0.00,N,0.00,N,49.91,N,49.89,N,49.90,N,239.00,N,119.95,N,0.00,N,0.00,N,0.00,N,0.0,0.0,0.0,0
2025-10-24,17:22:18,222.5,N,222.4,N,224.2,N,0.00,N,0.00,N,0.00,N,49.92,N,49.89,N,49.89,N,239.83,N,120.04,N,0.00,N,0.00,N,0.00,N,0.0,0.0,0.0,0
2025-10-24,17:22:57,222.0,N,221.3,N,223.9,N,0.00,N,0.00,N,0.00,N,49.93,N,49.90,N,49.87,N,239.83,N,120.00,N,0.00,N,0.00,N,0.00,N,0.0,0.0,0.0,0
2025-10-24,17:23:14,222.0,N,222.4,N,224.3,N,0.00,N,0.00,N,0.00,N,49.88,N,49.85,N,49.85,N,240.03,N,120.19,N,0.00,N,0.00,N,0.00,N,0.0,0.0,0.0,0
2025-10-24,17:23:24,220.9,N,222.4,N,225.2,N,0.00,N,0.00,N,0.00,N,49.90,N,49.88,N,49.84,N,239.37,N,120.19,N,0.00,N,0.00,N,0.00,N,0.0,0.0,0.0,0
2025-10-24,17:23:28,221.4,N,222.7,N,224.0,N,0.00,N,0.00,N,0.00,N,49.93,N,49.86,N,49.90,N,240.00,N,120.35,N,0.00,N,0.00,N,0.00,N,0.0,0.0,0.0,0
2025-10-24,17:23:32,222.7,N,221.7,N,223.5,N,0.00,N,0.00,N,0.00,N,49.88,N,49.87,N,49.89,N,240.04,N,120.15,N,0.00,N,0.00,N,0.00,N,0.0,0.0,0.0,0
2025-10-24,17:24:09,222.9,N,221.5,N,224.6,N,0.00,N,0.00,N,0.00,N,49.87,N,49.85,N,49.86,N,239.86,N,119.93,N,0.00,N,0.00,N,0.00,N,0.0,0.0,0.0,0
2025-10-24,17:24:26,221.8,N,221.7,N,224.6,N,0.00,N,0.00,N,0.00,N,49.89,N,49.85,N,49.86,N,239.82,N,120.13,N,0.00,N,0.00,N,0.00,N,0.0,0.0,0.0,0
2025-10-24,17:24:33,220.3,N,221.4,N,225.5,N,0.00,N,0.00,N,0.00,N,49.88,N,49.85,N,49.87,N,239.00,N,119.75,N,0.00,N,0.00,N,0.00,N,0.0,0.0,0.0,0
2025-10-24,17:24:37,222.1,N,221.5,N,224.5,N,0.00,N,0.00,N,0.00,N,49.89,N,49.85,N,49.86,N,239.38,N,119.63,N,0.00,N,0.00,N,0.00,N,0.0,0.0,0.0,0
2025-10-24,17:25:44,220.5,N,221.7,N,225.5,N,0.00,N,0.00,N,0.00,N,49.89,N,49.89,N,49.89,N,238.72,N,119.87,N,0.00,N,0.00,N,0.00,N,0.0,0.0,0.0,0
2025-10-24,17:25:47,222.1,N,221.6,N,224.7,N,0.00,N,0.00,N,0.00,N,49.87,N,49.89,N,49.91,N,239.33,N,119.93,N,0.00,N,0.00,N,0.00,N,0.0,0.0,0.0,0
2025-10-24,17:26:57,221.0,N,221.8,N,225.7,N,0.00,N,0.00,N,0.00,N,49.87,N,49.86,N,49.84,N,238.84,N,119.18,N,0.00,N,0.00,N,0.00,N,0.0,0.0,0.0,0
2025-10-24,17:27:01,222.5,N,221.7,N,224.8,N,0.00,N,0.00,N,0.00,N,49.91,N,49.85,N,49.85,N,239.21,N,120.26,N,0.00,N,0.00,N,0.00,N,0.0,0.0,0.0,0
2025-10-24,17:27:13,221.9,N,222.4,N,225.9,N,0.00,N,0.00,N,0.00,N,49.87,N,49.85,N,49.84,N,239.15,N,119.52,N,0.00,N,0.00,N,0.00,N,0.0,0.0,0.0,0
2025-10-24,17:28:07,220.3,N,222.4,N,226.7,N,0.00,N,0.00,N,0.00,N,49.90,N,49.88,N,49.85,N,239.08,N,119.87,N,0.00,N,0.00,N,0.00,N,0.0,0.0,0.0,0
2025-10-24,17:28:11,221.3,N,221.8,N,225.2,N,0.00,N,0.00,N,0.00,N,49.87,N,49.85,N,49.89,N,239.82,N,120.13,N,0.00,N,0.00,N,0.00,N,0.0,0.0,0.0,0
2025-10-24,17:28:49,220.8,N,220.3,N,225.1,N,0.00,N,0.00,N,0.00,N,49.88,N,49.87,N,49.87,N,239.05,N,120.07,N,0.00,N,0.00,N,0.00,N,0.0,0.0,0.0,0
2025-10-24,17:29:04,220.4,N,221.4,N,224.8,N,0.00,N,0.00,N,0.00,N,49.89,N,49.86,N,49.88,N,239.38,N,120.00,N,0.00,N,0.00,N,0.00,N,0.0,0.0,0.0,0
2025-10-24,17:29:16,218.9,N,221.2,N,225.5,N,0.00,N,0.00,N,0.00,N,49.92,N,49.84,N,49.89,N,238.90,N,119.86,N,0.00,N,0.00,N,0.00,N,0.0,0.0,0.0,0
2025-10-24,17:29:20,220.1,N,220.6,N,224.0,N,0.00,N,0.00,N,0.00,N,49.86,N,49.88,N,49.83,N,239.72,N,120.16,N,0.00,N,0.00,N,0.00,N,0.0,0.0,0.0,0
2025-10-24,17:29:28,220.6,N,220.9,N,225.2,N,0.00,N,0.00,N,0.00,N,49.87,N,49.88,N,49.84,N,239.00,N,119.40,N,0.00,N,0.00,N,0.00,N,0.0,0.0,0.0,0
2025-10-24,17:29:30,219.0,N,221.6,N,224.9,N,0.00,N,0.00,N,0.00,N,49.88,N,49.89,N,49.89,N,239.04,N,120.43,N,0.00,N,0.00,N,0.00,N,0.0,0.0,0.0,0
2025-10-24,17:29:34,220.6,N,221.2,N,225.4,N,0.00,N,0.00,N,0.00,N,49.86,N,49.88,N,49.89,N,238.85,N,119.91,N,0.00,N,0.00,N,0.00,N,0.0,0.0,0.0,0
2025-10-24,17:30:26,219.7,N,221.6,N,226.8,N,0.00,N,0.00,N,0.00,N,49.96,N,49.91,N,49.93,N,238.63,N,119.78,N,0.00,N,0.00,N,0.00,N,0.0,0.0,0.0,0
2025-10-24,17:30:30,221.5,N,221.8,N,225.7,N,0.00,N,0.00,N,0.00,N,49.95,N,49.89,N,49.92,N,239.74,N,120.09,N,0.00,N,0.00,N,0.00,N,0.0,0.0,0.0,0
2025-10-24,17:31:36,219.9,N,222.0,N,226.2,N,0.00,N,0.00,N,0.00,N,49.93,N,49.89,N,49.89,N,238.73,N,119.94,N,0.00,N,0.00,N,0.00,N,0.0,0.0,0.0,0
2025-10-24,17:31:40,221.4,N,222.1,N,225.3,N,0.00,N,0.00,N,0.00,N,49.96,N,49.92,N,49.92,N,239.41,N,119.92,N,0.00,N,0.00,N,0.00,N,0.0,0.0,0.0,0
2025-10-24,17:32:31,221.2,N,221.0,N,224.8,N,0.00,N,0.00,N,0.00,N,49.85,N,49.88,N,49.87,N,239.11,N,120.01,N,0.00,N,0.00,N,0.00,N,0.0,0.0,0.0,0
2025-10-24,17:32:47,219.7,N,220.9,N,225.5,N,0.00,N,0.00,N,0.00,N,49.91,N,49.88,N,49.89,N,238.79,N,119.80,N,0.00,N,0.00,N,0.00,N,0.0,0.0,0.0,0
2025-10-24,17:32:51,221.6,N,221.0,N,224.6,N,0.00,N,0.00,N,0.00,N,49.86,N,49.88,N,49.85,N,239.39,N,119.82,N,0.00,N,0.00,N,0.00,N,0.0,0.0,0.0,0
2025-10-24,17:33:11,221.4,N,221.3,N,225.7,N,0.00,N,0.00,N,0.00,N,49.92,N,49.90,N,49.89,N,239.11,N,119.45,N,0.00,N,0.00,N,0.00,N,0.0,0.0,0.0,0
2025-10-24,17:33:21,219.4,N,221.2,N,225.9,N,0.00,N,0.00,N,0.00,N,49.90,N,49.87,N,49.84,N,238.65,N,119.32,N,0.00,N,0.00,N,0.00,N,0.0,0.0,0.0,0
2025-10-24,17:33:25,220.5,N,220.7,N,224.4,N,0.00,N,0.00,N,0.00,N,49.89,N,49.88,N,49.88,N,239.26,N,120.12,N,0.00,N,0.00,N,0.00,N,0.0,0.0,0.0,0
2025-10-24,17:33:31,220.1,N,219.1,N,225.6,N,0.00,N,0.00,N,0.00,N,49.89,N,49.91,N,49.83,N,239.81,N,120.12,N,0.00,N,0.00,N,0.00,N,0.0,0.0,0.0,0
2025-10-24,17:33:31,219.0,N,220.0,N,225.9,N,0.00,N,0.00,N,0.00,N,49.91,N,49.88,N,49.87,N,238.98,N,119.71,N,0.00,N,0.00,N,0.00,N,0.0,0.0,0.0,0
2025-10-24,17:33:35,220.5,N,220.3,N,224.8,N,0.00,N,0.00,N,0.00,N,49.92,N,49.89,N,49.89,N,239.17,N,119.58,N,0.00,N,0.00,N,0.00,N,0.0,0.0,0.0,0
2025-10-24,17:33:49,219.3,N,220.1,N,224.5,N,0.00,N,0.00,N,0.00,N,49.92,N,49.88,N,49.89,N,238.94,N,119.64,N,0.00,N,0.00,N,0.00,N,0.0,0.0,0.0,0
2025-10-24,17:33:53,218.2,N,220.0,N,225.1,N,0.00,N,0.00,N,0.00,N,49.90,N,49.87,N,49.89,N,238.28,N,118.94,N,0.00,N,0.00,N,0.00,N,0.0,0.0,0.0,0
2025-10-24,17:33:56,217.5,N,219.8,N,225.2,N,0.00,N,0.00,N,0.00,N,49.92,N,49.85,N,49.85,N,238.29,N,119.95,N,0.00,N,0.00,N,0.00,N,0.0,0.0,0.0,0
2025-10-24,17:33:57,218.9,N,220.0,N,224.6,N,0.00,N,0.00,N,0.00,N,49.92,N,49.84,N,49.85,N,238.29,N,119.86,N,0.00,N,0.00,N,0.00,N,0.0,0.0,0.0,0
2025-10-24,17:33:59,219.2,N,220.1,N,224.5,N,0.00,N,0.00,N,0.00,N,49.90,N,49.88,N,49.88,N,239.45,N,119.99,N,0.00,N,0.00,N,0.00,N,0.0,0.0,0.0,0
2025-10-24,17:34:11,220.4,N,220.8,N,225.5,N,0.00,N,0.00,N,0.00,N,49.92,N,49.89,N,49.85,N,238.81,N,119.87,N,0.00,N,0.00,N,0.00,N,0.0,0.0,0.0,0
2025-10-24,17:34:40,218.8,N,220.9,N,225.6,N,0.00,N,0.00,N,0.00,N,49.93,N,49.90,N,49.89,N,238.42,N,119.64,N,0.00,N,0.00,N,0.00,N,0.0,0.0,0.0,0
2025-10-24,17:34:44,220.3,N,221.2,N,224.6,N,0.00,N,0.00,N,0.00,N,49.91,N,49.88,N,49.88,N,239.47,N,120.04,N,0.00,N,0.00,N,0.00,N,0.0,0.0,0.0,0
2025-10-24,17:34:59,221.5,N,221.6,N,224.3,N,0.00,N,0.00,N,0.00,N,49.87,N,49.89,N,49.83,N,239.37,N,119.80,N,0.00,N,0.00,N,0.00,N,0.0,0.0,0.0,0
2025-10-24,17:35:27,220.1,N,221.7,N,225.3,N,0.00,N,0.00,N,0.00,N,49.87,N,49.88,N,49.88,N,239.07,N,119.84,N,0.00,N,0.00,N,0.00,N,0.0,0.0,0.0,0
2025-10-24,17:35:33,221.7,N,221.4,N,224.3,N,0.00,N,0.00,N,0.00,N,49.90,N,49.85,N,49.85,N,239.05,N,119.25,N,0.00,N,0.00,N,0.00,N,0.0,0.0,0.0,0
2025-10-24,17:35:39,220.1,N,221.6,N,225.2,N,0.00,N,0.00,N,0.00,N,49.88,N,49.89,N,49.89,N,238.73,N,119.95,N,0.00,N,0.00,N,0.00,N,0.0,0.0,0.0,0
2025-10-24,17:35:42,221.8,N,221.7,N,224.6,N,0.00,N,0.00,N,0.00,N,49.91,N,49.86,N,49.85,N,239.72,N,120.12,N,0.00,N,0.00,N,0.00,N,0.0,0.0,0.0,0
2025-10-24,17:35:46,220.2,N,221.7,N,225.5,N,0.00,N,0.00,N,0.00,N,49.91,N,49.86,N,49.90,N,239.11,N,119.91,N,0.00,N,0.00,N,0.00,N,0.0,0.0,0.0,0
2025-10-24,17:35:50,222.0,N,221.8,N,224.5,N,0.00,N,0.00,N,0.00,N,49.87,N,49.88,N,49.84,N,239.27,N,119.68,N,0.00,N,0.00,N,0.00,N,0.0,0.0,0.0,0
2025-10-24,17:35:55,220.6,N,221.7,N,225.3,N,0.00,N,0.00,N,0.00,N,49.86,N,49.85,N,49.85,N,238.81,N,119.78,N,0.00,N,0.00,N,0.00,N,0.0,0.0,0.0,0
2025-10-24,17:35:58,222.1,N,221.5,N,224.5,N,0.00,N,0.00,N,0.00,N,49.86,N,49.85,N,49.89,N,239.19,N,120.02,N,0.00,N,0.00,N,0.00,N,0.0,0.0,0.0,0
2025-10-24,17:36:03,221.0,N,221.8,N,225.2,N,0.00,N,0.00,N,0.00,N,49.88,N,49.89,N,49.85,N,239.59,N,120.06,N,0.00,N,0.00,N,0.00,N,0.0,0.0,0.0,0
2025-10-24,17:36:08,222.1,N,221.6,N,224.6,N,0.00,N,0.00,N,0.00,N,49.90,N,49.89,N,49.84,N,239.15,N,119.53,N,0.00,N,0.00,N,0.00,N,0.0,0.0,0.0,0
2025-10-24,17:36:13,220.3,N,221.9,N,225.4,N,0.00,N,0.00,N,0.00,N,49.90,N,49.83,N,49.84,N,238.71,N,119.70,N,0.00,N,0.00,N,0.00,N,0.0,0.0,0.0,0
2025-10-24,17:36:15,222.0,N,221.9,N,224.5,N,0.00,N,0.00,N,0.00,N,49.86,N,49.83,N,49.87,N,239.02,N,120.18,N,0.00,N,0.00,N,0.00,N,0.0,0.0,0.0,0
2025-10-24,17:36:23,220.7,N,222.1,N,225.6,N,0.00,N,0.00,N,0.00,N,49.90,N,49.88,N,49.89,N,238.83,N,119.51,N,0.00,N,0.00,N,0.00,N,0.0,0.0,0.0,0
2025-10-24,17:36:26,222.3,N,221.9,N,224.9,N,0.00,N,0.00,N,0.00,N,49.91,N,49.88,N,49.85,N,239.20,N,119.45,N,0.00,N,0.00,N,0.00,N,0.0,0.0,0.0,0
2025-10-24,17:36:36,221.0,N,221.9,N,224.8,N,0.00,N,0.00,N,0.00,N,49.90,N,49.86,N,49.84,N,239.81,N,120.04,N,0.00,N,0.00,N,0.00,N,0.0,0.0,0.0,0
2025-10-24,17:36:37,220.1,N,221.5,N,225.4,N,0.00,N,0.00,N,0.00,N,49.91,N,49.85,N,49.88,N,238.66,N,119.16,N,0.00,N,0.00,N,0.00,N,0.0,0.0,0.0,0
2025-10-24,17:36:39,221.9,N,221.6,N,224.5,N,0.00,N,0.00,N,0.00,N,49.92,N,49.89,N,49.90,N,239.13,N,119.40,N,0.00,N,0.00,N,0.00,N,0.0,0.0,0.0,0
2025-10-24,17:36:58,219.8,N,221.3,N,225.3,N,0.00,N,0.00,N,0.00,N,49.90,N,49.89,N,49.88,N,238.69,N,119.81,N,0.00,N,0.00,N,0.00,N,0.0,0.0,0.0,0
2025-10-24,17:37:02,221.0,N,221.1,N,224.9,N,0.00,N,0.00,N,0.00,N,49.88,N,49.85,N,49.89,N,239.40,N,119.83,N,0.00,N,0.00,N,0.00,N,0.0,0.0,0.0,0
2025-10-24,17:37:15,219.2,N,221.0,N,225.6,N,0.00,N,0.00,N,0.00,N,49.89,N,49.84,N,49.85,N,238.70,N,119.98,N,0.00,N,0.00,N,0.00,N,0.0,0.0,0.0,0
2025-10-24,17:37:20,220.7,N,221.0,N,224.9,N,0.00,N,0.00,N,0.00,N,49.91,N,49.84,N,49.85,N,238.92,N,119.85,N,0.00,N,0.00,N,0.00,N,0.0,0.0,0.0,0
2025-10-24,17:37:26,219.0,N,221.3,N,225.8,N,0.00,N,0.00,N,0.00,N,49.87,N,49.86,N,49.87,N,239.43,N,119.98,N,0.00,N,0.00,N,0.00,N,0.0,0.0,0.0,0
2025-10-24,17:37:28,219.0,N,221.4,N,225.9,N,0.00,N,0.00,N,0.00,N,49.86,N,49.84,N,49.86,N,238.28,N,119.20,N,0.00,N,0.00,N,0.00,N,0.0,0.0,0.0,0
2025-10-24,17:37:30,220.2,N,221.5,N,225.2,N,0.00,N,0.00,N,0.00,N,49.92,N,49.85,N,49.85,N,238.82,N,119.49,N,0.00,N,0.00,N,0.00,N,0.0,0.0,0.0,0
2025-10-24,17:37:34,219.0,N,221.5,N,226.2,N,0.00,N,0.00,N,0.00,N,49.92,N,49.90,N,49.87,N,238.47,N,119.86,N,0.00,N,0.00,N,0.00,N,0.0,0.0,0.0,0
2025-10-24,17:37:37,220.6,N,221.6,N,225.2,N,0.00,N,0.00,N,0.00,N,49.93,N,49.90,N,49.85,N,238.93,N,120.10,N,0.00,N,0.00,N,0.00,N,0.0,0.0,0.0,0
2025-10-24,17:37:44,219.1,N,221.7,N,226.1,N,0.00,N,0.00,N,0.00,N,49.91,N,49.90,N,49.90,N,238.32,N,119.20,N,0.00,N,0.00,N,0.00,N,0.0,0.0,0.0,0
2025-10-24,17:37:48,220.7,N,221.8,N,225.3,N,0.00,N,0.00,N,0.00,N,49.91,N,49.88,N,49.89,N,239.02,N,119.62,N,0.00,N,0.00,N,0.00,N,0.0,0.0,0.0,0
2025-10-24,17:37:57,218.5,N,221.1,N,225.5,N,0.00,N,0.00,N,0.00,N,49.89,N,49.91,N,49.87,N,238.87,N,119.92,N,0.00,N,0.00,N,0.00,N,0.0,0.0,0.0,0
2025-10-24,17:38:00,219.5,N,220.5,N,224.3,N,0.00,N,0.00,N,0.00,N,49.89,N,49.87,N,49.86,N,239.05,N,119.69,N,0.00,N,0.00,N,0.00,N,0.0,0.0,0.0,0
2025-10-24,17:38:10,220.3,N,219.8,N,223.2,N,0.00,N,0.00,N,0.00,N,49.87,N,49.87,N,49.86,N,239.68,N,120.02,N,0.00,N,0.00,N,0.00,N,0.0,0.0,0.0,0
2025-10-24,17:38:12,219.0,N,220.1,N,224.1,N,0.00,N,0.00,N,0.00,N,49.89,N,49.87,N,49.87,N,238.89,N,119.75,N,0.00,N,0.00,N,0.00,N,0.0,0.0,0.0,0
2025-10-24,17:38:13,220.4,N,220.2,N,223.5,N,0.00,N,0.00,N,0.00,N,49.92,N,49.86,N,49.91,N,239.22,N,119.67,N,0.00,N,0.00,N,0.00,N,0.0,0.0,0.0,0
2025-10-24,17:38:14,218.9,N,220.4,N,224.6,N,0.00,N,0.00,N,0.00,N,49.93,N,49.86,N,49.86,N,238.59,N,119.28,N,0.00,N,0.00,N,0.00,N,0.0,0.0,0.0,0
2025-10-24,17:38:16,220.5,N,220.6,N,223.8,N,0.00,N,0.00,N,0.00,N,49.88,N,49.87,N,49.90,N,238.70,N,119.51,N,0.00,N,0.00,N,0.00,N,0.0,0.0,0.0,0
2025-10-24,17:38:24,220.7,N,220.7,N,224.0,N,0.00,N,0.00,N,0.00,N,49.91,N,49.89,N,49.89,N,239.75,N,120.14,N,0.00,N,0.00,N,0.00,N,0.0,0.0,0.0,0
2025-10-24,17:38:33,219.2,N,221.1,N,224.9,N,0.00,N,0.00,N,0.00,N,49.90,N,49.91,N,49.90,N,238.54,N,120.05,N,0.00,N,0.00,N,0.00,N,0.0,0.0,0.0,0
2025-10-24,17:38:36,220.8,N,220.8,N,223.9,N,0.00,N,0.00,N,0.00,N,49.93,N,49.91,N,49.90,N,239.14,N,119.89,N,0.00,N,0.00,N,0.00,N,0.0,0.0,0.0,0
2025-10-24,17:39:08,221.3,N,222.6,N,224.5,N,0.00,N,0.00,N,0.00,N,49.93,N,49.90,N,49.95,N,239.41,N,119.78,N,0.00,N,0.00,N,0.00,N,0.0,0.0,0.0,0
2025-10-24,17:39:08,219.9,N,222.6,N,225.4,N,0.00,N,0.00,N,0.00,N,49.93,N,49.90,N,49.90,N,238.88,N,119.70,N,0.00,N,0.00,N,0.00,N,0.0,0.0,0.0,0
2025-10-24,17:39:12,221.0,N,222.7,N,225.1,N,0.00,N,0.00,N,0.00,N,49.91,N,49.90,N,49.89,N,238.92,N,120.19,N,0.00,N,0.00,N,0.00,N,0.0,0.0,0.0,0
2025-10-24,17:39:15,221.9,N,222.6,N,224.6,N,0.00,N,0.00,N,0.00,N,49.93,N,49.95,N,49.90,N,239.98,N,120.39,N,0.00,N,0.00,N,0.00,N,0.0,0.0,0.0,0
2025-10-24,17:40:02,221.7,N,222.0,N,223.5,N,0.00,N,0.00,N,0.00,N,49.92,N,49.90,N,49.91,N,239.75,N,120.09,N,0.00,N,0.00,N,0.00,N,0.0,0.0,0.0,0
2025-10-24,17:40:14,220.4,N,222.3,N,225.0,N,0.00,N,0.00,N,0.00,N,49.93,N,49.89,N,49.91,N,238.91,N,119.66,N,0.00,N,0.00,N,0.00,N,0.0,0.0,0.0,0
2025-10-24,17:40:17,222.0,N,222.2,N,224.2,N,0.00,N,0.00,N,0.00,N,49.93,N,49.95,N,49.92,N,239.37,N,120.19,N,0.00,N,0.00,N,0.00,N,0.0,0.0,0.0,0
2025-10-24,17:40:48,222.1,N,222.5,N,224.0,N,0.00,N,0.00,N,0.00,N,49.92,N,49.92,N,49.91,N,240.48,N,120.55,N,0.00,N,0.00,N,0.00,N,0.0,0.0,0.0,0
2025-10-24,17:40:50,221.9,N,222.2,N,224.0,N,0.00,N,0.00,N,0.00,N,49.91,N,49.94,N,49.90,N,239.40,N,119.77,N,0.00,N,0.00,N,0.00,N,0.0,0.0,0.0,0
2025-10-24,17:40:59,221.2,N,220.9,N,223.4,N,0.00,N,0.00,N,0.00,N,49.97,N,49.91,N,49.91,N,239.85,N,120.14,N,0.00,N,0.00,N,0.00,N,0.0,0.0,0.0,0
2025-10-24,17:41:25,220.5,N,221.7,N,224.5,N,0.00,N,0.00,N,0.00,N,49.92,N,49.90,N,49.85,N,239.69,N,120.02,N,0.00,N,0.00,N,0.00,N,0.0,0.0,0.0,0
2025-10-24,17:41:30,221.9,N,221.9,N,224.0,N,0.00,N,0.00,N,0.00,N,49.92,N,49.90,N,49.90,N,239.29,N,119.54,N,0.00,N,0.00,N,0.00,N,0.0,0.0,0.0,0
2025-10-24,17:42:39,220.2,N,222.2,N,225.5,N,0.00,N,0.00,N,0.00,N,49.88,N,49.85,N,49.87,N,239.22,N,119.50,N,0.00,N,0.00,N,0.00,N,0.0,0.0,0.0,0
2025-10-24,17:42:43,221.6,N,222.1,N,224.9,N,0.00,N,0.00,N,0.00,N,49.89,N,49.88,N,49.91,N,239.06,N,119.44,N,0.00,N,0.00,N,0.00,N,0.0,0.0,0.0,0
2025-10-24,17:42:54,221.5,N,222.4,N,224.5,N,0.00,N,0.00,N,0.00,N,49.90,N,49.89,N,49.86,N,240.07,N,120.43,N,0.00,N,0.00,N,0.00,N,0.0,0.0,0.0,0
2025-10-24,17:43:02,220.5,N,222.6,N,224.7,N,0.00,N,0.00,N,0.00,N,49.89,N,49.91,N,49.88,N,238.91,N,119.41,N,0.00,N,0.00,N,0.00,N,0.0,0.0,0.0,0
2025-10-24,17:43:18,220.4,N,221.8,N,224.1,N,0.00,N,0.00,N,0.00,N,49.88,N,49.86,N,49.88,N,239.95,N,120.37,N,0.00,N,0.00,N,0.00,N,0.0,0.0,0.0,0
2025-10-24,17:43:49,219.2,N,221.9,N,224.9,N,0.00,N,0.00,N,0.00,N,49.86,N,49.88,N,49.83,N,239.09,N,119.84,N,0.00,N,0.00,N,0.00,N,0.0,0.0,0.0,0
2025-10-24,17:43:53,220.6,N,222.4,N,224.7,N,0.00,N,0.00,N,0.00,N,49.88,N,49.85,N,49.88,N,239.21,N,120.35,N,0.00,N,0.00,N,0.00,N,0.0,0.0,0.0,0
2025-10-24,17:44:02,221.3,N,221.3,N,223.8,N,0.00,N,0.00,N,0.00,N,49.90,N,49.85,N,49.85,N,239.71,N,120.20,N,0.00,N,0.00,N,0.00,N,0.0,0.0,0.0,0
2025-10-24,17:44:47,221.3,N,222.4,N,223.9,N,0.00,N,0.00,N,0.00,N,49.93,N,49.86,N,49.90,N,239.79,N,120.38,N,0.00,N,0.00,N,0.00,N,0.0,0.0,0.0,0
2025-10-24,17:44:59,219.8,N,221.9,N,225.0,N,0.00,N,0.00,N,0.00,N,49.90,N,49.89,N,49.91,N,238.94,N,120.00,N,0.00,N,0.00,N,0.00,N,0.0,0.0,0.0,0
2025-10-24,17:45:03,221.6,N,221.8,N,224.0,N,0.00,N,0.00,N,0.00,N,49.91,N,49.90,N,49.89,N,239.92,N,120.27,N,0.00,N,0.00,N,0.00,N,0.0,0.0,0.0,0
2025-10-24,17:46:06,220.5,N,220.9,N,222.9,N,0.00,N,0.00,N,0.00,N,49.97,N,49.91,N,49.91,N,239.73,N,120.21,N,0.00,N,0.00,N,0.00,N,0.0,0.0,0.0,0
2025-10-24,17:46:09,219.0,N,221.1,N,223.3,N,0.00,N,0.00,N,0.00,N,49.93,N,49.89,N,49.91,N,239.24,N,119.80,N,0.00,N,0.00,N,0.00,N,0.0,0.0,0.0,0
2025-10-24,17:46:14,220.1,N,220.8,N,223.2,N,0.00,N,0.00,N,0.00,N,49.92,N,49.91,N,49.92,N,239.36,N,120.20,N,0.00,N,0.00,N,0.00,N,0.0,0.0,0.0,0
2025-10-24,17:46:28,219.0,N,221.3,N,223.5,N,0.00,N,0.00,N,0.00,N,49.92,N,49.90,N,49.91,N,239.81,N,120.34,N,0.00,N,0.00,N,0.00,N,0.0,0.0,0.0,0
2025-10-24,17:46:33,220.1,N,221.2,N,223.1,N,0.00,N,0.00,N,0.00,N,49.90,N,49.89,N,49.90,N,239.11,N,119.71,N,0.00,N,0.00,N,0.00,N,0.0,0.0,0.0,0
2025-10-24,17:47:00,220.4,N,222.0,N,224.2,N,0.00,N,0.00,N,0.00,N,49.90,N,49.89,N,49.88,N,239.10,N,120.46,N,0.00,N,0.00,N,0.00,N,0.0,0.0,0.0,0
2025-10-24,17:47:19,219.0,N,222.4,N,225.6,N,0.00,N,0.00,N,0.00,N,49.92,N,49.89,N,49.90,N,238.75,N,119.79,N,0.00,N,0.00,N,0.00,N,0.0,0.0,0.0,0
2025-10-24,17:47:23,220.9,N,222.4,N,224.7,N,0.00,N,0.00,N,0.00,N,49.90,N,49.88,N,49.89,N,239.26,N,120.30,N,0.00,N,0.00,N,0.00,N,0.0,0.0,0.0,0
2025-10-24,17:47:46,222.0,N,223.1,N,225.5,N,0.00,N,0.00,N,0.00,N,49.91,N,49.89,N,49.90,N,239.33,N,120.40,N,0.00,N,0.00,N,0.00,N,0.0,0.0,0.0,0
2025-10-24,17:48:18,221.9,N,221.4,N,225.9,N,0.00,N,0.00,N,0.00,N,49.88,N,49.88,N,49.84,N,239.03,N,119.91,N,0.00,N,0.00,N,0.00,N,0.0,0.0,0.0,0
2025-10-24,17:48:18,221.5,N,223.0,N,225.5,N,0.00,N,0.00,N,0.00,N,49.86,N,49.85,N,49.85,N,239.20,N,120.27,N,0.00,N,0.00,N,0.00,N,0.0,0.0,0.0,0
2025-10-24,17:48:28,220.3,N,222.9,N,226.4,N,0.00,N,0.00,N,0.00,N,49.88,N,49.85,N,49.85,N,238.88,N,119.68,N,0.00,N,0.00,N,0.00,N,0.0,0.0,0.0,0
2025-10-24,17:48:32,221.7,N,222.9,N,225.8,N,0.00,N,0.00,N,0.00,N,49.87,N,49.85,N,49.88,N,238.86,N,119.82,N,0.00,N,0.00,N,0.00,N,0.0,0.0,0.0,0
2025-10-24,17:48:52,222.0,N,222.8,N,225.5,N,0.00,N,0.00,N,0.00,N,49.95,N,49.89,N,49.89,N,239.88,N,120.38,N,0.00,N,0.00,N,0.00,N,0.0,0.0,0.0,0
2025-10-24,17:49:09,222.0,N,222.1,N,225.7,N,0.00,N,0.00,N,0.00,N,49.92,N,49.89,N,49.89,N,238.91,N,119.23,N,0.00,N,0.00,N,0.00,N,0.0,0.0,0.0,0
2025-10-24,17:49:12,221.9,N,222.5,N,225.9,N,0.00,N,0.00,N,0.00,N,49.89,N,49.88,N,49.88,N,239.05,N,120.25,N,0.00,N,0.00,N,0.00,N,0.0,0.0,0.0,0
2025-10-24,17:49:41,220.6,N,222.0,N,226.6,N,0.00,N,0.00,N,0.00,N,49.91,N,49.94,N,49.95,N,238.76,N,119.53,N,0.00,N,0.00,N,0.00,N,0.0,0.0,0.0,0
2025-10-24,17:49:45,222.3,N,222.2,N,225.8,N,0.00,N,0.00,N,0.00,N,49.95,N,49.89,N,49.89,N,239.03,N,120.18,N,0.00,N,0.00,N,0.00,N,0.0,0.0,0.0,0
2025-10-24,17:49:55,221.7,N,221.8,N,224.6,N,0.00,N,0.00,N,0.00,N,49.91,N,49.89,N,49.88,N,239.26,N,119.85,N,0.00,N,0.00,N,0.00,N,0.0,0.0,0.0,0
2025-10-24,17:50:23,221.1,N,220.7,N,224.5,N,0.00,N,0.00,N,0.00,N,49.90,N,49.85,N,49.85,N,239.15,N,120.05,N,0.00,N,0.00,N,0.00,N,0.0,0.0,0.0,0
2025-10-24,17:50:27,220.0,N,220.7,N,224.6,N,0.00,N,0.00,N,0.00,N,49.90,N,49.89,N,49.88,N,239.39,N,120.13,N,0.00,N,0.00,N,0.00,N,0.0,0.0,0.0,0
2025-10-24,17:50:48,219.1,N,221.5,N,225.9,N,0.00,N,0.00,N,0.00,N,49.91,N,49.89,N,49.88,N,238.82,N,119.93,N,0.00,N,0.00,N,0.00,N,0.0,0.0,0.0,0
2025-10-24,17:50:52,220.6,N,221.4,N,225.1,N,0.00,N,0.00,N,0.00,N,49.90,N,49.88,N,49.88,N,239.19,N,120.02,N,0.00,N,0.00,N,0.00,N,0.0,0.0,0.0,0
2025-10-24,17:51:06,221.2,N,222.5,N,225.3,N,0.00,N,0.00,N,0.00,N,49.86,N,49.84,N,49.85,N,239.28,N,120.28,N,0.00,N,0.00,N,0.00,N,0.0,0.0,0.0,0
2025-10-24,17:52:01,218.8,N,221.7,N,225.5,N,0.00,N,0.00,N,0.00,N,49.92,N,49.85,N,49.86,N,239.47,N,120.22,N,0.00,N,0.00,N,0.00,N,0.0,0.0,0.0,0
2025-10-24,17:52:05,220.1,N,221.6,N,225.0,N,0.00,N,0.00,N,0.00,N,49.88,N,49.86,N,49.85,N,238.90,N,119.64,N,0.00,N,0.00,N,0.00,N,0.0,0.0,0.0,0
2025-10-24,17:52:16,220.6,N,221.6,N,224.6,N,0.00,N,0.00,N,0.00,N,49.92,N,49.87,N,49.86,N,240.03,N,120.41,N,0.00,N,0.00,N,0.00,N,0.0,0.0,0.0,0
2025-10-24,17:52:55,220.7,N,220.2,N,224.0,N,0.00,N,0.00,N,0.00,N,49.88,N,49.85,N,49.90,N,239.56,N,119.82,N,0.00,N,0.00,N,0.00,N,0.0,0.0,0.0,0
2025-10-24,17:53:12,219.6,N,220.8,N,224.2,N,0.00,N,0.00,N,0.00,N,49.91,N,49.85,N,49.86,N,239.53,N,120.11,N,0.00,N,0.00,N,0.00,N,0.0,0.0,0.0,0
2025-10-24,17:53:16,220.7,N,220.9,N,224.1,N,0.00,N,0.00,N,0.00,N,49.88,N,49.86,N,49.89,N,239.17,N,119.57,N,0.00,N,0.00,N,0.00,N,0.0,0.0,0.0,0
2025-10-24,17:54:04,223.3,N,222.7,N,225.9,N,0.00,N,0.00,N,0.00,N,49.91,N,49.90,N,49.89,N,239.74,N,120.18,N,0.00,N,0.00,N,0.00,N,0.0,0.0,0.0,0
2025-10-24,17:54:05,224.6,N,224.6,N,227.5,N,0.00,N,0.00,N,0.00,N,49.92,N,49.89,N,49.88,N,239.59,N,120.10,N,0.00,N,0.00,N,0.00,N,0.0,0.0,0.0,0
2025-10-24,17:54:20,223.4,N,225.0,N,229.1,N,0.00,N,0.00,N,0.00,N,49.90,N,49.89,N,49.87,N,238.60,N,119.49,N,0.00,N,0.00,N,0.00,N,0.0,0.0,0.0,0
2025-10-24,17:54:24,225.1,N,224.9,N,228.2,N,0.00,N,0.00,N,0.00,N,49.93,N,49.89,N,49.91,N,239.29,N,120.18,N,0.00,N,0.00,N,0.00,N,0.0,0.0,0.0,0
2025-10-24,17:54:47,225.0,N,224.6,N,227.1,N,0.00,N,0.00,N,0.00,N,49.95,N,49.93,N,49.89,N,239.29,N,120.27,N,0.00,N,0.00,N,0.00,N,0.0,0.0,0.0,0
2025-10-24,17:55:01,224.4,N,225.7,N,227.0,N,0.00,N,0.00,N,0.00,N,49.91,N,49.88,N,49.89,N,239.55,N,120.36,N,0.00,N,0.00,N,0.00,N,0.0,0.0,0.0,0
2025-10-24,17:55:07,224.8,N,224.2,N,227.1,N,0.00,N,0.00,N,0.00,N,49.92,N,49.90,N,49.87,N,239.42,N,119.71,N,0.00,N,0.00,N,0.00,N,0.0,0.0,0.0,0
2025-10-24,17:55:15,224.2,N,225.4,N,226.9,N,0.00,N,0.00,N,0.00,N,49.88,N,49.86,N,49.87,N,239.26,N,120.48,N,0.00,N,0.00,N,0.00,N,0.0,0.0,0.0,0
2025-10-24,17:55:31,223.0,N,225.4,N,228.3,N,0.00,N,0.00,N,0.00,N,49.91,N,49.90,N,49.86,N,239.15,N,120.06,N,0.00,N,0.00,N,0.00,N,0.0,0.0,0.0,0
2025-10-24,17:55:35,224.4,N,225.5,N,227.2,N,0.00,N,0.00,N,0.00,N,49.91,N,49.91,N,49.86,N,239.77,N,120.28,N,0.00,N,0.00,N,0.00,N,0.0,0.0,0.0,0
2025-10-24,17:55:42,223.8,N,224.6,N,226.1,N,0.00,N,0.00,N,0.00,N,49.92,N,49.86,N,49.91,N,239.58,N,119.94,N,0.00,N,0.00,N,0.00,N,0.0,0.0,0.0,0
2025-10-24,17:56:09,224.6,N,225.7,N,227.0,N,0.00,N,0.00,N,0.00,N,49.91,N,49.86,N,49.85,N,239.53,N,120.38,N,0.00,N,0.00,N,0.00,N,0.0,0.0,0.0,0
2025-10-24,17:56:42,223.8,N,225.8,N,228.6,N,0.00,N,0.00,N,0.00,N,49.93,N,49.88,N,49.90,N,239.48,N,120.05,N,0.00,N,0.00,N,0.00,N,0.0,0.0,0.0,0
2025-10-24,17:56:46,225.4,N,225.9,N,227.9,N,0.00,N,0.00,N,0.00,N,49.93,N,49.89,N,49.89,N,239.88,N,120.16,N,0.00,N,0.00,N,0.00,N,0.0,0.0,0.0,0
2025-10-24,17:56:58,225.1,N,225.1,N,226.8,N,0.00,N,0.00,N,0.00,N,49.92,N,49.90,N,49.90,N,239.88,N,120.16,N,0.00,N,0.00,N,0.00,N,0.0,0.0,0.0,0
2025-10-24,17:57:05,223.7,N,224.9,N,227.4,N,0.00,N,0.00,N,0.00,N,49.92,N,49.89,N,49.89,N,239.26,N,120.21,N,0.00,N,0.00,N,0.00,N,0.0,0.0,0.0,0
2025-10-24,17:57:48,224.8,N,225.4,N,227.5,N,0.00,N,0.00,N,0.00,N,49.91,N,49.89,N,49.88,N,239.79,N,120.20,N,0.00,N,0.00,N,0.00,N,0.0,0.0,0.0,0
2025-10-24,17:57:54,223.7,N,224.7,N,226.8,N,0.00,N,0.00,N,0.00,N,49.92,N,49.88,N,49.88,N,239.34,N,119.91,N,0.00,N,0.00,N,0.00,N,0.0,0.0,0.0,0
2025-10-24,17:57:56,222.3,N,224.4,N,227.6,N,0.00,N,0.00,N,0.00,N,49.90,N,49.87,N,49.88,N,238.78,N,119.49,N,0.00,N,0.00,N,0.00,N,0.0,0.0,0.0,0
2025-10-24,17:58:00,223.6,N,224.4,N,226.7,N,0.00,N,0.00,N,0.00,N,49.88,N,49.90,N,49.86,N,239.32,N,120.15,N,0.00,N,0.00,N,0.00,N,0.0,0.0,0.0,0
2025-10-24,17:58:12,224.7,N,224.4,N,226.2,N,0.00,N,0.00,N,0.00,N,49.91,N,49.90,N,49.90,N,239.45,N,120.29,N,0.00,N,0.00,N,0.00,N,0.0,0.0,0.0,0
2025-10-24,17:58:52,224.5,N,225.7,N,227.0,N,0.00,N,0.00,N,0.00,N,49.87,N,49.89,N,49.84,N,239.92,N,120.40,N,0.00,N,0.00,N,0.00,N,0.0,0.0,0.0,0
2025-10-24,17:59:09,225.6,N,225.7,N,226.8,N,0.00,N,0.00,N,0.00,N,49.94,N,49.90,N,49.86,N,240.19,N,120.49,N,0.00,N,0.00,N,0.00,N,0.0,0.0,0.0,0
2025-10-24,17:59:43,223.6,N,226.0,N,228.2,N,0.00,N,0.00,N,0.00,N,49.91,N,49.88,N,49.89,N,239.47,N,120.31,N,0.00,N,0.00,N,0.00,N,0.0,0.0,0.0,0
2025-10-24,17:59:59,224.7,N,226.0,N,228.3,N,0.00,N,0.00,N,0.00,N,49.96,N,49.88,N,49.90,N,239.49,N,120.13,N,0.00,N,0.00,N,0.00,N,0.0,0.0,0.0,0
2025-10-24,18:00:15,223.5,N,226.3,N,228.9,N,0.00,N,0.00,N,0.00,N,49.90,N,49.89,N,49.88,N,239.32,N,120.15,N,0.00,N,0.00,N,0.00,N,0.0,0.0,0.0,0
2025-10-24,18:00:16,222.0,N,226.7,N,229.6,N,0.00,N,0.00,N,0.00,N,49.90,N,49.87,N,49.89,N,238.59,N,120.35,N,0.00,N,0.00,N,0.00,N,0.0,0.0,0.0,0
2025-10-24,18:00:18,223.1,N,226.5,N,229.3,N,0.00,N,0.00,N,0.00,N,49.92,N,49.90,N,49.90,N,239.10,N,120.08,N,0.00,N,0.00,N,0.00,N,0.0,0.0,0.0,0
2025-10-24,18:00:20,224.7,N,226.5,N,228.3,N,0.00,N,0.00,N,0.00,N,49.95,N,49.89,N,49.89,N,239.74,N,120.22,N,0.00,N,0.00,N,0.00,N,0.0,0.0,0.0,0
2025-10-24,18:00:59,224.1,N,225.4,N,227.9,N,0.00,N,0.00,N,0.00,N,49.93,N,49.88,N,49.90,N,239.16,N,119.82,N,0.00,N,0.00,N,0.00,N,0.0,0.0,0.0,0
2025-10-24,18:01:29,222.3,N,225.1,N,228.4,N,0.00,N,0.00,N,0.00,N,49.91,N,49.90,N,49.91,N,239.28,N,120.08,N,0.00,N,0.00,N,0.00,N,0.0,0.0,0.0,0
2025-10-24,18:01:33,224.3,N,225.0,N,227.6,N,0.00,N,0.00,N,0.00,N,49.90,N,49.90,N,49.90,N,239.09,N,119.49,N,0.00,N,0.00,N,0.00,N,0.0,0.0,0.0,0
2025-10-24,18:01:59,225.4,N,225.0,N,227.0,N,0.00,N,0.00,N,0.00,N,49.92,N,49.90,N,49.93,N,240.19,N,120.27,N,0.00,N,0.00,N,0.00,N,0.0,0.0,0.0,0
2025-10-24,18:02:41,224.1,N,225.3,N,228.4,N,0.00,N,0.00,N,0.00,N,49.91,N,49.90,N,49.89,N,238.94,N,119.54,N,0.00,N,0.00,N,0.00,N,0.0,0.0,0.0,0
2025-10-24,18:02:44,225.6,N,225.6,N,227.3,N,0.00,N,0.00,N,0.00,N,49.92,N,49.89,N,49.89,N,238.94,N,120.09,N,0.00,N,0.00,N,0.00,N,0.0,0.0,0.0,0
2025-10-24,18:02:46,225.5,N,225.9,N,227.1,N,0.00,N,0.00,N,0.00,N,49.95,N,49.94,N,49.94,N,240.22,N,120.42,N,0.00,N,0.00,N,0.00,N,0.0,0.0,0.0,0
2025-10-24,18:03:21,225.8,N,226.4,N,227.8,N,0.00,N,0.00,N,0.00,N,49.91,N,49.94,N,49.90,N,239.19,N,119.34,N,0.00,N,0.00,N,0.00,N,0.0,0.0,0.0,0
2025-10-24,18:03:26,225.7,N,226.6,N,228.0,N,0.00,N,0.00,N,0.00,N,49.96,N,49.89,N,49.94,N,239.28,N,120.36,N,0.00,N,0.00,N,0.00,N,0.0,0.0,0.0,0
2025-10-24,18:03:51,224.5,N,226.5,N,227.9,N,0.00,N,0.00,N,0.00,N,49.90,N,49.88,N,49.86,N,239.52,N,120.31,N,0.00,N,0.00,N,0.00,N,0.0,0.0,0.0,0
2025-10-24,18:03:52,223.4,N,226.6,N,228.6,N,0.00,N,0.00,N,0.00,N,49.90,N,49.87,N,49.87,N,238.88,N,120.15,N,0.00,N,0.00,N,0.00,N,0.0,0.0,0.0,0
2025-10-24,18:03:56,224.9,N,226.6,N,227.7,N,0.00,N,0.00,N,0.00,N,49.88,N,49.89,N,49.88,N,240.11,N,120.50,N,0.00,N,0.00,N,0.00,N,0.0,0.0,0.0,0
2025-10-24,18:04:13,224.8,N,226.2,N,227.3,N,0.00,N,0.00,N,0.00,N,49.91,N,49.89,N,49.86,N,239.93,N,120.36,N,0.00,N,0.00,N,0.00,N,0.0,0.0,429496640.0,0
2025-10-24,18:04:14,224.6,N,226.3,N,227.3,N,0.00,N,0.00,N,0.00,N,49.87,N,49.88,N,49.89,N,239.87,N,120.29,N,0.00,N,0.00,N,0.00,N,0.0,0.0,0.0,0
2025-10-24,18:04:47,224.9,N,225.2,N,227.6,N,0.00,N,0.00,N,0.00,N,49.88,N,49.87,N,49.87,N,239.39,N,119.31,N,0.00,N,0.00,N,0.00,N,0.0,0.0,0.0,0
2025-10-24,18:04:55,224.6,N,225.7,N,227.8,N,0.00,N,0.00,N,0.00,N,49.92,N,49.91,N,49.90,N,239.38,N,120.36,N,0.00,N,0.00,N,0.00,N,0.0,0.0,0.0,0
2025-10-24,18:05:04,222.4,N,225.9,N,229.1,N,0.00,N,0.00,N,0.00,N,49.93,N,49.91,N,49.87,N,238.77,N,119.74,N,0.00,N,0.00,N,0.00,N,0.0,0.0,0.0,0
2025-10-24,18:05:08,223.8,N,225.6,N,228.0,N,0.00,N,0.00,N,0.00,N,49.85,N,49.86,N,49.90,N,238.97,N,119.44,N,0.00,N,0.00,N,0.00,N,0.0,0.0,0.0,0
2025-10-24,18:05:34,223.7,N,225.9,N,228.1,N,0.00,N,0.00,N,0.00,N,49.85,N,49.90,N,49.84,N,239.10,N,120.46,N,0.00,N,0.00,N,0.00,N,0.0,0.0,0.0,0
2025-10-24,18:06:11,222.6,N,225.3,N,227.8,N,0.00,N,0.00,N,0.00,N,49.91,N,49.91,N,49.88,N,239.07,N,120.40,N,0.00,N,0.00,N,0.00,N,0.0,0.0,0.0,0
2025-10-24,18:06:28,223.7,N,225.0,N,227.3,N,0.00,N,0.00,N,0.00,N,49.91,N,49.85,N,49.89,N,239.25,N,120.13,N,0.00,N,0.00,N,0.00,N,0.0,0.0,0.0,0
2025-10-24,18:06:43,224.2,N,226.2,N,227.9,N,0.00,N,0.00,N,0.00,N,49.87,N,49.89,N,49.89,N,239.39,N,120.08,N,0.00,N,0.00,N,0.00,N,0.0,0.0,0.0,0
2025-10-24,18:06:54,225.3,N,226.1,N,227.4,N,0.00,N,0.00,N,0.00,N,49.90,N,49.87,N,49.89,N,239.48,N,119.66,N,0.00,N,0.00,N,0.00,N,0.0,0.0,0.0,0
2025-10-24,18:06:57,223.8,N,226.3,N,228.4,N,0.00,N,0.00,N,0.00,N,49.91,N,49.86,N,49.84,N,239.12,N,119.90,N,0.00,N,0.00,N,0.00,N,0.0,0.0,0.0,0
2025-10-24,18:07:22,222.3,N,226.0,N,228.6,N,0.00,N,0.00,N,0.00,N,49.88,N,49.89,N,49.89,N,239.48,N,120.18,N,0.00,N,0.00,N,0.00,N,0.0,0.0,0.0,0
2025-10-24,18:07:26,224.3,N,226.3,N,228.0,N,0.00,N,0.00,N,0.00,N,49.92,N,49.90,N,49.91,N,239.29,N,119.72,N,0.00,N,0.00,N,0.00,N,0.0,0.0,0.0,0
2025-10-24,18:07:49,223.0,N,226.4,N,228.9,N,0.00,N,0.00,N,0.00,N,49.86,N,49.87,N,49.88,N,239.32,N,120.19,N,0.00,N,0.00,N,0.00,N,0.0,0.0,0.0,0
2025-10-24,18:08:30,224.0,N,225.1,N,229.2,N,0.00,N,0.00,N,0.00,N,49.93,N,49.91,N,49.90,N,239.33,N,120.11,N,0.00,N,0.00,N,0.00,N,0.0,0.0,0.0,0
2025-10-24,18:08:31,223.7,N,226.2,N,229.1,N,0.00,N,0.00,N,0.00,N,49.88,N,49.90,N,49.91,N,239.45,N,120.30,N,0.00,N,0.00,N,0.00,N,0.0,0.0,0.0,0
2025-10-24,18:08:34,223.2,N,225.9,N,229.2,N,0.00,N,0.00,N,0.00,N,49.92,N,49.86,N,49.86,N,239.35,N,120.16,N,0.00,N,0.00,N,0.00,N,0.0,0.0,429496640.0,0
2025-10-24,18:08:34,222.2,N,225.8,N,230.2,N,0.00,N,0.00,N,0.00,N,49.93,N,49.87,N,49.92,N,238.95,N,120.00,N,0.00,N,0.00,N,0.00,N,0.0,0.0,0.0,0
2025-10-24,18:08:38,223.8,N,226.0,N,229.3,N,0.00,N,0.00,N,0.00,N,49.88,N,49.90,N,49.90,N,238.99,N,120.01,N,0.00,N,0.00,N,0.00,N,0.0,0.0,0.0,0
2025-10-24,18:09:45,222.6,N,225.7,N,230.4,N,0.00,N,0.00,N,0.00,N,49.90,N,49.89,N,49.88,N,238.38,N,119.40,N,0.00,N,0.00,N,0.00,N,0.0,0.0,0.0,0
2025-10-24,18:09:48,224.0,N,225.7,N,229.4,N,0.00,N,0.00,N,0.00,N,49.91,N,49.87,N,49.88,N,238.26,N,119.89,N,0.00,N,0.00,N,0.00,N,0.0,0.0,0.0,0
2025-10-24,18:09:53,224.1,N,225.7,N,229.5,N,0.00,N,0.00,N,0.00,N,49.90,N,49.88,N,49.88,N,239.47,N,120.09,N,0.00,N,0.00,N,0.00,N,0.0,0.0,0.0,0
2025-10-24,18:10:19,223.0,N,225.5,N,229.9,N,0.00,N,0.00,N,0.00,N,49.90,N,49.85,N,49.84,N,238.62,N,119.53,N,0.00,N,0.00,N,0.00,N,0.0,0.0,0.0,0
2025-10-24,18:10:38,224.1,N,225.7,N,230.5,N,0.00,N,0.00,N,0.00,N,49.86,N,49.83,N,49.88,N,238.67,N,119.45,N,0.00,N,0.00,N,0.00,N,0.0,0.0,0.0,0
2025-10-24,18:10:53,222.2,N,226.2,N,231.2,N,0.00,N,0.00,N,0.00,N,49.84,N,49.85,N,49.88,N,238.04,N,119.07,N,0.00,N,0.00,N,0.00,N,0.0,0.0,0.0,0
2025-10-24,18:10:57,223.7,N,226.3,N,230.3,N,0.00,N,0.00,N,0.00,N,49.92,N,49.84,N,49.85,N,238.64,N,119.95,N,0.00,N,0.00,N,0.00,N,0.0,0.0,0.0,0
2025-10-24,18:11:53,224.6,N,225.6,N,229.2,N,0.00,N,0.00,N,0.00,N,49.87,N,49.85,N,49.84,N,239.14,N,119.89,N,0.00,N,0.00,N,0.00,N,0.0,0.0,0.0,0
2025-10-24,18:11:57,225.7,N,225.5,N,228.6,N,0.00,N,0.00,N,0.00,N,49.88,N,49.84,N,49.83,N,239.37,N,120.10,N,0.00,N,0.00,N,0.00,N,0.0,0.0,0.0,0
2025-10-24,18:12:01,224.2,N,225.5,N,229.3,N,0.00,N,0.00,N,0.00,N,49.85,N,49.82,N,49.82,N,239.48,N,119.82,N,0.00,N,0.00,N,0.00,N,0.0,0.0,0.0,0
2025-10-24,18:12:05,225.8,N,225.5,N,228.6,N,0.00,N,0.00,N,0.00,N,49.86,N,49.82,N,49.88,N,239.39,N,119.65,N,0.00,N,0.00,N,0.00,N,0.0,0.0,0.0,0
2025-10-24,18:12:35,224.2,N,225.5,N,228.7,N,0.00,N,0.00,N,0.00,N,49.86,N,49.88,N,49.91,N,238.97,N,120.15,N,0.00,N,0.00,N,0.00,N,0.0,0.0,0.0,0
2025-10-24,18:12:37,224.6,N,225.5,N,228.4,N,0.00,N,0.00,N,0.00,N,49.91,N,49.90,N,49.90,N,239.99,N,120.34,N,0.00,N,0.00,N,0.00,N,0.0,0.0,0.0,0
2025-10-24,18:12:57,224.0,N,225.5,N,229.8,N,0.00,N,0.00,N,0.00,N,49.87,N,49.90,N,49.90,N,239.52,N,120.11,N,0.00,N,0.00,N,0.00,N,0.0,0.0,0.0,0
2025-10-24,18:13:09,222.9,N,225.3,N,229.9,N,0.00,N,0.00,N,0.00,N,49.92,N,49.91,N,49.90,N,238.86,N,119.90,N,0.00,N,0.00,N,0.00,N,0.0,0.0,0.0,0
2025-10-24,18:13:12,221.7,N,225.4,N,230.7,N,0.00,N,0.00,N,0.00,N,49.91,N,49.86,N,49.86,N,238.42,N,119.91,N,0.00,N,0.00,N,0.00,N,0.0,0.0,0.0,0
2025-10-24,18:13:13,222.8,N,225.4,N,230.2,N,0.00,N,0.00,N,0.00,N,49.87,N,49.91,N,49.90,N,238.42,N,120.08,N,0.00,N,0.00,N,0.00,N,0.0,0.0,0.0,0
2025-10-24,18:13:13,223.9,N,225.2,N,229.3,N,0.00,N,0.00,N,0.00,N,49.91,N,49.85,N,49.84,N,239.37,N,120.04,N,0.00,N,0.00,N,0.00,N,0.0,0.0,0.0,0
2025-10-24,18:14:20,222.6,N,225.6,N,230.4,N,0.00,N,0.00,N,0.00,N,49.91,N,49.88,N,49.88,N,238.60,N,119.58,N,0.00,N,0.00,N,0.00,N,0.0,0.0,0.0,0
2025-10-24,18:14:24,224.3,N,225.8,N,229.7,N,0.00,N,0.00,N,0.00,N,49.91,N,49.85,N,49.88,N,239.07,N,120.14,N,0.00,N,0.00,N,0.00,N,0.0,0.0,0.0,0
2025-10-24,18:14:45,224.5,N,225.6,N,228.6,N,0.00,N,0.00,N,0.00,N,49.92,N,49.86,N,49.90,N,239.14,N,119.60,N,0.00,N,0.00,N,0.00,N,0.0,0.0,0.0,0
2025-10-24,18:15:37,225.6,N,225.9,N,228.7,N,0.00,N,0.00,N,0.00,N,49.96,N,49.88,N,49.90,N,239.42,N,119.62,N,0.00,N,0.00,N,0.00,N,0.0,0.0,0.0,0
2025-10-24,18:16:04,225.2,N,225.5,N,227.6,N,0.00,N,0.00,N,0.00,N,49.95,N,49.90,N,49.88,N,240.02,N,120.32,N,0.00,N,0.00,N,0.00,N,0.0,0.0,0.0,0
2025-10-24,18:16:41,223.6,N,225.2,N,228.2,N,0.00,N,0.00,N,0.00,N,49.94,N,49.90,N,49.90,N,239.46,N,119.81,N,0.00,N,0.00,N,0.00,N,0.0,0.0,0.0,0
2025-10-24,18:16:45,225.5,N,224.9,N,227.6,N,0.00,N,0.00,N,0.00,N,49.91,N,49.89,N,49.88,N,239.39,N,119.57,N,0.00,N,0.00,N,0.00,N,0.0,0.0,0.0,0
2025-10-24,18:17:54,223.5,N,225.4,N,228.7,N,0.00,N,0.00,N,0.00,N,49.87,N,49.86,N,49.89,N,239.41,N,120.10,N,0.00,N,0.00,N,0.00,N,0.0,0.0,0.0,0
2025-10-24,18:17:57,224.7,N,225.4,N,228.0,N,0.00,N,0.00,N,0.00,N,49.88,N,49.85,N,49.85,N,239.50,N,120.14,N,0.00,N,0.00,N,0.00,N,0.0,0.0,0.0,0
2025-10-24,18:18:15,226.0,N,226.0,N,228.1,N,0.00,N,0.00,N,0.00,N,49.85,N,49.84,N,49.83,N,239.74,N,120.22,N,0.00,N,0.00,N,0.00,N,0.0,0.0,0.0,0
2025-10-24,18:19:05,224.3,N,226.1,N,228.5,N,0.00,N,0.00,N,0.00,N,49.91,N,49.89,N,49.87,N,238.81,N,119.29,N,0.00,N,0.00,N,0.00,N,0.0,0.0,0.0,0
2025-10-24,18:19:08,223.8,N,226.1,N,228.6,N,0.00,N,0.00,N,0.00,N,49.89,N,49.89,N,49.89,N,239.00,N,120.30,N,0.00,N,0.00,N,0.00,N,0.0,0.0,0.0,0
2025-10-24,18:19:09,226.0,N,226.0,N,227.7,N,0.00,N,0.00,N,0.00,N,49.91,N,49.88,N,49.88,N,239.55,N,120.27,N,0.00,N,0.00,N,0.00,N,0.0,0.0,0.0,0
2025-10-24,18:20:18,224.8,N,225.8,N,227.7,N,0.00,N,0.00,N,0.00,N,49.89,N,49.90,N,49.90,N,239.49,N,120.33,N,0.00,N,0.00,N,0.00,N,0.0,0.0,0.0,0
2025-10-24,18:20:23,226.1,N,226.0,N,227.4,N,0.00,N,0.00,N,0.00,N,49.89,N,49.89,N,49.86,N,239.46,N,120.37,N,0.00,N,0.00,N,0.00,N,0.0,0.0,0.0,0
2025-10-24,18:20:36,225.7,N,224.6,N,227.0,N,0.00,N,0.00,N,0.00,N,49.89,N,49.86,N,49.85,N,239.62,N,120.29,N,0.00,N,0.00,N,0.00,N,0.0,0.0,0.0,0
2025-10-24,18:21:08,224.6,N,224.7,N,227.1,N,0.00,N,0.00,N,0.00,N,49.89,N,49.90,N,49.86,N,239.32,N,119.60,N,0.00,N,0.00,N,0.00,N,0.0,0.0,0.0,0
2025-10-24,18:21:32,222.8,N,224.9,N,228.1,N,0.00,N,0.00,N,0.00,N,49.93,N,49.90,N,49.91,N,239.19,N,120.08,N,0.00,N,0.00,N,0.00,N,0.0,0.0,0.0,0
2025-10-24,18:21:36,224.5,N,225.0,N,227.3,N,0.00,N,0.00,N,0.00,N,49.90,N,49.90,N,49.89,N,239.27,N,119.69,N,0.00,N,0.00,N,0.00,N,0.0,0.0,0.0,0
2025-10-24,18:21:58,225.2,N,225.7,N,228.4,N,0.00,N,0.00,N,0.00,N,49.92,N,49.94,N,49.91,N,239.28,N,119.71,N,0.00,N,0.00,N,0.00,N,0.0,0.0,0.0,0
2025-10-24,18:22:21,225.1,N,225.6,N,227.3,N,0.00,N,0.00,N,0.00,N,49.93,N,49.91,N,49.90,N,239.37,N,119.89,N,0.00,N,0.00,N,0.00,N,0.0,0.0,0.0,0
2025-10-24,18:22:25,225.2,N,225.5,N,228.4,N,0.00,N,0.00,N,0.00,N,49.91,N,49.89,N,49.87,N,239.36,N,120.29,N,0.00,N,0.00,N,0.00,N,0.0,0.0,0.0,0
2025-10-24,18:22:39,226.4,N,226.0,N,227.7,N,0.00,N,0.00,N,0.00,N,49.88,N,49.86,N,49.90,N,239.71,N,119.86,N,0.00,N,0.00,N,0.00,N,0.0,0.0,0.0,0
2025-10-24,18:22:42,225.3,N,226.1,N,228.3,N,0.00,N,0.00,N,0.00,N,49.92,N,49.86,N,49.87,N,239.71,N,119.86,N,0.00,N,0.00,N,0.00,N,0.0,0.0,0.0,0
2025-10-24,18:22:46,226.9,N,226.3,N,227.5,N,0.00,N,0.00,N,0.00,N,49.91,N,49.87,N,49.89,N,239.73,N,120.62,N,0.00,N,0.00,N,0.00,N,0.0,0.0,0.0,0
2025-10-24,18:22:59,226.9,N,226.1,N,227.5,N,0.00,N,0.00,N,0.00,N,49.89,N,49.91,N,49.86,N,239.68,N,119.61,N,0.00,N,0.00,N,0.00,N,0.0,0.0,0.0,0
2025-10-24,18:23:21,225.6,N,226.2,N,228.0,N,0.00,N,0.00,N,0.00,N,49.87,N,49.90,N,49.85,N,240.34,N,120.52,N,0.00,N,0.00,N,0.00,N,0.0,0.0,0.0,0
2025-10-24,18:23:32,225.7,N,226.5,N,228.2,N,0.00,N,0.00,N,0.00,N,49.89,N,49.90,N,49.91,N,239.31,N,120.33,N,0.00,N,0.00,N,0.00,N,0.0,0.0,0.0,0
2025-10-24,18:23:55,224.6,N,226.3,N,229.0,N,0.00,N,0.00,N,0.00,N,49.92,N,49.85,N,49.90,N,239.63,N,120.12,N,0.00,N,0.00,N,0.00,N,0.0,0.0,0.0,0
2025-10-24,18:23:59,226.4,N,226.4,N,228.1,N,0.00,N,0.00,N,0.00,N,49.93,N,49.86,N,49.90,N,239.77,N,120.06,N,0.00,N,0.00,N,0.00,N,0.0,0.0,0.0,0
2025-10-24,18:24:19,223.9,N,226.6,N,229.7,N,0.00,N,0.00,N,0.00,N,49.93,N,49.89,N,49.90,N,239.34,N,120.13,N,0.00,N,0.00,N,0.00,N,0.0,0.0,0.0,0
2025-10-24,18:24:25,225.4,N,226.7,N,229.0,N,0.00,N,0.00,N,0.00,N,49.92,N,49.91,N,49.91,N,239.87,N,120.24,N,0.00,N,0.00,N,0.00,N,0.0,0.0,0.0,0
2025-10-24,18:24:28,223.8,N,226.7,N,229.9,N,0.00,N,0.00,N,0.00,N,49.92,N,49.88,N,49.90,N,238.80,N,119.53,N,0.00,N,0.00,N,0.00,N,0.0,0.0,0.0,0
2025-10-24,18:24:43,225.5,N,226.2,N,228.9,N,0.00,N,0.00,N,0.00,N,49.98,N,49.90,N,49.92,N,239.24,N,120.06,N,0.00,N,0.00,N,0.00,N,0.0,0.0,0.0,0
2025-10-24,18:25:10,223.6,N,225.5,N,229.1,N,0.00,N,0.00,N,0.00,N,49.91,N,49.91,N,49.91,N,239.50,N,120.06,N,0.00,N,0.00,N,0.00,N,0.0,0.0,0.0,0
2025-10-24,18:25:14,225.1,N,225.3,N,228.3,N,0.00,N,0.00,N,0.00,N,49.93,N,49.91,N,49.91,N,239.22,N,119.58,N,0.00,N,0.00,N,0.00,N,0.0,0.0,0.0,0
2025-10-24,18:25:35,226.2,N,226.1,N,228.1,N,0.00,N,0.00,N,0.00,N,49.93,N,49.88,N,49.90,N,240.08,N,120.26,N,0.00,N,0.00,N,0.00,N,0.0,0.0,0.0,0
2025-10-24,18:26:07,224.2,N,226.2,N,229.3,N,0.00,N,0.00,N,0.00,N,49.92,N,49.88,N,49.90,N,239.01,N,119.60,N,0.00,N,0.00,N,0.00,N,0.0,0.0,0.0,0
2025-10-24,18:26:11,225.8,N,226.2,N,228.3,N,0.00,N,0.00,N,0.00,N,49.91,N,49.85,N,49.90,N,239.53,N,120.30,N,0.00,N,0.00,N,0.00,N,0.0,0.0,0.0,0
2025-10-24,18:27:04,224.8,N,226.2,N,227.2,N,0.00,N,0.00,N,0.00,N,49.91,N,49.89,N,49.91,N,239.69,N,120.49,N,0.00,N,0.00,N,0.00,N,0.0,0.0,0.0,0
2025-10-24,18:27:16,223.6,N,226.3,N,228.5,N,0.00,N,0.00,N,0.00,N,49.88,N,49.89,N,49.89,N,239.30,N,120.26,N,0.00,N,0.00,N,0.00,N,0.0,0.0,0.0,0
2025-10-24,18:27:19,225.0,N,226.7,N,227.7,N,0.00,N,0.00,N,0.00,N,49.92,N,49.86,N,49.86,N,240.10,N,120.35,N,0.00,N,0.00,N,0.00,N,0.0,0.0,0.0,0
2025-10-24,18:27:25,225.7,N,225.6,N,227.7,N,0.00,N,0.00,N,0.00,N,49.88,N,49.89,N,49.87,N,239.59,N,119.61,N,0.00,N,0.00,N,0.00,N,0.0,0.0,0.0,0
2025-10-24,18:27:28,225.2,N,226.7,N,227.8,N,0.00,N,0.00,N,0.00,N,49.90,N,49.85,N,49.89,N,239.48,N,120.34,N,0.00,N,0.00,N,0.00,N,0.0,0.0,0.0,0
2025-10-24,18:27:42,223.7,N,226.3,N,228.7,N,0.00,N,0.00,N,0.00,N,49.93,N,49.90,N,49.90,N,239.16,N,120.14,N,0.00,N,0.00,N,0.00,N,0.0,0.0,0.0,0
2025-10-24,18:27:47,225.5,N,226.7,N,227.9,N,0.00,N,0.00,N,0.00,N,49.93,N,49.91,N,49.87,N,240.19,N,120.49,N,0.00,N,0.00,N,0.00,N,0.0,0.0,0.0,0
2025-10-24,18:28:06,224.3,N,226.0,N,228.6,N,0.00,N,0.00,N,0.00,N,49.89,N,49.88,N,49.86,N,239.15,N,119.71,N,0.00,N,0.00,N,0.00,N,0.0,0.0,0.0,0
2025-10-24,18:28:09,225.9,N,226.5,N,227.9,N,0.00,N,0.00,N,0.00,N,49.89,N,49.87,N,49.88,N,239.61,N,120.31,N,0.00,N,0.00,N,0.00,N,0.0,0.0,0.0,0
2025-10-24,18:28:23,224.4,N,226.1,N,227.8,N,0.00,N,0.00,N,0.00,N,49.93,N,49.89,N,49.90,N,239.96,N,120.29,N,0.00,N,0.00,N,0.00,N,0.0,0.0,0.0,0
2025-10-24,18:28:33,225.5,N,225.5,N,227.5,N,0.00,N,0.00,N,0.00,N,49.86,N,49.84,N,49.89,N,239.46,N,120.10,N,0.00,N,0.00,N,0.00,N,0.0,0.0,0.0,0
2025-10-24,18:28:33,223.8,N,225.4,N,228.4,N,0.00,N,0.00,N,0.00,N,49.91,N,49.88,N,49.89,N,238.90,N,119.96,N,0.00,N,0.00,N,0.00,N,0.0,0.0,0.0,0
2025-10-24,18:28:37,225.6,N,225.8,N,227.6,N,0.00,N,0.00,N,0.00,N,49.90,N,49.89,N,49.85,N,240.07,N,120.30,N,0.00,N,0.00,N,0.00,N,0.0,0.0,0.0,0
2025-10-24,18:28:41,225.5,N,226.1,N,229.5,N,0.00,N,0.00,N,0.00,N,49.87,N,49.89,N,49.86,N,239.20,N,119.44,N,0.00,N,0.00,N,0.00,N,0.0,0.0,0.0,0
2025-10-24,18:28:42,224.4,N,226.2,N,229.5,N,0.00,N,0.00,N,0.00,N,49.88,N,49.86,N,49.86,N,238.83,N,119.60,N,0.00,N,0.00,N,0.00,N,0.0,0.0,0.0,0
2025-10-24,18:28:45,225.5,N,226.2,N,229.1,N,0.00,N,0.00,N,0.00,N,49.92,N,49.91,N,49.89,N,238.71,N,119.27,N,0.00,N,0.00,N,0.00,N,0.0,0.0,0.0,0
2025-10-24,18:28:46,226.1,N,226.2,N,228.4,N,0.00,N,0.00,N,0.00,N,49.92,N,49.90,N,49.89,N,239.28,N,120.28,N,0.00,N,0.00,N,0.00,N,0.0,0.0,0.0,0
2025-10-24,18:28:52,224.1,N,225.8,N,228.9,N,0.00,N,0.00,N,0.00,N,49.92,N,49.89,N,49.88,N,239.37,N,120.08,N,0.00,N,0.00,N,0.00,N,0.0,0.0,0.0,0
2025-10-24,18:28:56,225.6,N,225.7,N,228.1,N,0.00,N,0.00,N,0.00,N,49.92,N,49.89,N,49.88,N,239.34,N,119.74,N,0.00,N,0.00,N,0.00,N,0.0,0.0,0.0,0
2025-10-24,18:29:03,223.5,N,225.4,N,228.5,N,0.00,N,0.00,N,0.00,N,49.91,N,49.93,N,49.89,N,239.39,N,120.09,N,0.00,N,0.00,N,0.00,N,0.0,0.0,0.0,0
2025-10-24,18:29:06,225.2,N,225.2,N,227.4,N,0.00,N,0.00,N,0.00,N,49.94,N,49.88,N,49.89,N,239.88,N,120.16,N,0.00,N,0.00,N,0.00,N,0.0,0.0,0.0,0
2025-10-24,18:29:12,226.3,N,225.2,N,226.9,N,0.00,N,0.00,N,0.00,N,49.95,N,49.88,N,49.93,N,239.58,N,120.24,N,0.00,N,0.00,N,0.00,N,0.0,0.0,0.0,0
2025-10-24,18:29:16,224.5,N,225.4,N,227.7,N,0.00,N,0.00,N,0.00,N,49.97,N,49.89,N,49.93,N,239.53,N,120.11,N,0.00,N,0.00,N,0.00,N,0.0,0.0,0.0,0
2025-10-24,18:29:51,226.1,N,224.8,N,226.4,N,0.00,N,0.00,N,0.00,N,49.92,N,49.90,N,49.90,N,240.17,N,120.35,N,0.00,N,0.00,N,0.00,N,0.0,0.0,0.0,0
2025-10-24,18:30:50,226.1,N,226.3,N,227.3,N,0.00,N,0.00,N,0.00,N,49.91,N,49.90,N,49.88,N,240.26,N,120.57,N,0.00,N,0.00,N,0.00,N,0.0,0.0,0.0,0
2025-10-24,18:31:02,224.2,N,225.8,N,227.4,N,0.00,N,0.00,N,0.00,N,49.92,N,49.89,N,49.90,N,239.33,N,120.50,N,0.00,N,0.00,N,0.00,N,0.0,0.0,0.0,0
2025-10-24,18:31:05,225.5,N,225.4,N,226.7,N,0.00,N,0.00,N,0.00,N,49.90,N,49.89,N,49.89,N,239.81,N,120.43,N,0.00,N,0.00,N,0.00,N,0.0,0.0,0.0,0
2025-10-24,18:31:38,226.6,N,226.2,N,226.9,N,0.00,N,0.00,N,0.00,N,49.90,N,49.90,N,49.87,N,240.08,N,120.44,N,0.00,N,0.00,N,0.00,N,0.0,0.0,0.0,0
2025-10-24,18:33:50,226.6,N,224.6,N,226.7,N,0.00,N,0.00,N,0.00,N,49.88,N,49.86,N,49.90,N,239.93,N,120.16,N,0.00,N,0.00,N,0.00,N,0.0,0.0,0.0,0
2025-10-24,18:34:17,226.9,N,225.9,N,226.9,N,0.00,N,0.00,N,0.00,N,49.92,N,49.86,N,49.90,N,240.56,N,120.46,N,0.00,N,0.00,N,0.00,N,0.0,0.0,0.0,0
2025-10-24,18:34:43,224.5,N,225.5,N,227.2,N,0.00,N,0.00,N,0.00,N,49.97,N,49.95,N,49.90,N,239.32,N,119.61,N,0.00,N,0.00,N,0.00,N,0.0,0.0,0.0,0
2025-10-24,18:34:47,226.3,N,225.7,N,226.8,N,0.00,N,0.00,N,0.00,N,49.92,N,49.89,N,49.91,N,239.76,N,120.33,N,0.00,N,0.00,N,0.00,N,0.0,0.0,0.0,0
2025-10-24,18:34:53,225.2,N,225.9,N,227.4,N,0.00,N,0.00,N,0.00,N,49.92,N,49.93,N,49.89,N,239.85,N,120.19,N,0.00,N,0.00,N,0.00,N,0.0,0.0,0.0,0
2025-10-24,18:35:18,224.1,N,225.4,N,227.1,N,0.00,N,0.00,N,0.00,N,49.91,N,49.92,N,49.90,N,239.38,N,119.64,N,0.00,N,0.00,N,0.00,N,0.0,0.0,0.0,0
2025-10-24,18:35:54,222.7,N,225.1,N,228.0,N,0.00,N,0.00,N,0.00,N,49.87,N,49.89,N,49.90,N,238.70,N,119.24,N,0.00,N,0.00,N,0.00,N,0.0,0.0,0.0,0
2025-10-24,18:35:57,224.5,N,225.5,N,227.4,N,0.00,N,0.00,N,0.00,N,49.88,N,49.92,N,49.87,N,239.41,N,120.06,N,0.00,N,0.00,N,0.00,N,0.0,0.0,0.0,0
2025-10-24,18:36:38,225.9,N,225.4,N,227.1,N,0.00,N,0.00,N,0.00,N,49.91,N,49.85,N,49.85,N,240.28,N,120.27,N,0.00,N,0.00,N,0.00,N,0.0,0.0,0.0,0
2025-10-24,18:37:03,225.9,N,225.8,N,227.8,N,0.00,N,0.00,N,0.00,N,49.92,N,49.86,N,49.85,N,239.24,N,119.36,N,0.00,N,0.00,N,0.00,N,0.0,0.0,0.0,0
2025-10-24,18:37:05,224.2,N,225.9,N,228.9,N,0.00,N,0.00,N,0.00,N,49.87,N,49.89,N,49.90,N,238.80,N,119.44,N,0.00,N,0.00,N,0.00,N,0.0,0.0,0.0,0
2025-10-24,18:37:09,225.7,N,225.9,N,227.9,N,0.00,N,0.00,N,0.00,N,49.89,N,49.91,N,49.91,N,239.31,N,120.16,N,0.00,N,0.00,N,0.00,N,0.0,0.0,0.0,0
2025-10-24,18:37:14,226.1,N,225.7,N,228.0,N,0.00,N,0.00,N,0.00,N,49.88,N,49.91,N,49.89,N,240.42,N,120.34,N,0.00,N,0.00,N,0.00,N,0.0,0.0,0.0,0
2025-10-24,18:37:17,227.2,N,226.0,N,227.1,N,0.00,N,0.00,N,0.00,N,49.88,N,49.84,N,49.84,N,240.33,N,120.25,N,0.00,N,0.00,N,0.00,N,0.0,0.0,0.0,0
2025-10-24,18:38:18,226.0,N,226.4,N,226.8,N,0.00,N,0.00,N,0.00,N,49.93,N,49.91,N,49.94,N,240.36,N,120.35,N,0.00,N,0.00,N,0.00,N,0.0,0.0,0.0,0
2025-10-24,18:38:19,225.3,N,226.0,N,227.3,N,0.00,N,0.00,N,0.00,N,49.97,N,49.89,N,49.91,N,239.29,N,119.37,N,0.00,N,0.00,N,0.00,N,0.0,0.0,0.0,0
2025-10-24,18:38:22,227.2,N,226.5,N,226.7,N,0.00,N,0.00,N,0.00,N,49.93,N,49.90,N,49.90,N,239.74,N,120.35,N,0.00,N,0.00,N,0.00,N,0.0,0.0,0.0,0
2025-10-24,18:39:31,224.9,N,226.0,N,227.0,N,0.00,N,0.00,N,0.00,N,49.93,N,49.90,N,49.90,N,239.53,N,119.75,N,0.00,N,0.00,N,0.00,N,0.0,0.0,0.0,0
2025-10-24,18:39:34,226.4,N,226.3,N,226.1,N,0.00,N,0.00,N,0.00,N,49.93,N,49.91,N,49.89,N,239.92,N,120.43,N,0.00,N,0.00,N,0.00,N,0.0,0.0,0.0,0
2025-10-24,18:40:21,227.3,N,226.4,N,227.2,N,0.00,N,0.00,N,0.00,N,49.89,N,49.91,N,49.86,N,240.35,N,120.22,N,0.00,N,0.00,N,0.00,N,0.0,0.0,0.0,0
2025-10-24,18:41:13,227.4,N,226.2,N,226.9,N,0.00,N,0.00,N,0.00,N,49.91,N,49.90,N,49.88,N,240.47,N,120.23,N,0.00,N,0.00,N,0.00,N,0.0,0.0,0.0,0
2025-10-24,18:41:52,225.8,N,225.1,N,226.4,N,0.00,N,0.00,N,0.00,N,49.91,N,49.85,N,49.89,N,240.48,N,120.28,N,0.00,N,0.00,N,0.00,N,0.0,0.0,0.0,0
2025-10-24,18:41:53,224.9,N,225.6,N,227.0,N,0.00,N,0.00,N,0.00,N,49.88,N,49.89,N,49.88,N,239.46,N,119.71,N,0.00,N,0.00,N,0.00,N,0.0,0.0,0.0,0
2025-10-24,18:41:57,226.5,N,225.2,N,226.1,N,0.00,N,0.00,N,0.00,N,49.88,N,49.90,N,49.90,N,239.82,N,119.55,N,0.00,N,0.00,N,0.00,N,0.0,0.0,0.0,0
2025-10-24,18:42:19,226.2,N,225.6,N,225.5,N,0.00,N,0.00,N,0.00,N,49.85,N,49.85,N,49.85,N,239.62,N,120.56,N,0.00,N,0.00,N,0.00,N,0.0,0.0,0.0,0
2025-10-24,18:42:21,226.2,N,225.4,N,225.5,N,0.00,N,0.00,N,0.00,N,49.88,N,49.89,N,49.86,N,240.69,N,120.34,N,0.00,N,0.00,N,0.00,N,0.0,0.0,0.0,0
2025-10-24,18:42:55,227.3,N,226.0,N,226.3,N,0.00,N,0.00,N,0.00,N,49.92,N,49.91,N,49.91,N,240.40,N,120.29,N,0.00,N,0.00,N,0.00,N,0.0,0.0,0.0,0
2025-10-24,18:43:01,226.2,N,226.2,N,227.1,N,0.00,N,0.00,N,0.00,N,49.91,N,49.90,N,49.90,N,239.54,N,119.61,N,0.00,N,0.00,N,0.00,N,0.0,0.0,0.0,0
2025-10-24,18:43:06,224.4,N,226.4,N,228.0,N,0.00,N,0.00,N,0.00,N,49.91,N,49.88,N,49.93,N,239.25,N,120.13,N,0.00,N,0.00,N,0.00,N,0.0,0.0,0.0,0
2025-10-24,18:43:10,226.3,N,226.6,N,227.2,N,0.00,N,0.00,N,0.00,N,49.91,N,49.88,N,49.89,N,240.09,N,120.31,N,0.00,N,0.00,N,0.00,N,0.0,0.0,0.0,0
2025-10-24,18:44:00,225.2,N,226.2,N,227.5,N,0.00,N,0.00,N,0.00,N,49.92,N,49.88,N,49.89,N,240.07,N,120.38,N,0.00,N,0.00,N,0.00,N,0.0,0.0,0.0,0
2025-10-24,18:44:16,224.2,N,226.1,N,228.8,N,0.00,N,0.00,N,0.00,N,49.91,N,49.87,N,49.88,N,239.45,N,120.16,N,0.00,N,0.00,N,0.00,N,0.0,0.0,0.0,0
2025-10-24,18:44:20,225.8,N,225.8,N,228.0,N,0.00,N,0.00,N,0.00,N,49.90,N,49.89,N,49.88,N,239.47,N,119.64,N,0.00,N,0.00,N,0.00,N,0.0,0.0,0.0,0
2025-10-24,18:44:44,227.0,N,226.2,N,227.5,N,0.00,N,0.00,N,0.00,N,49.90,N,49.89,N,49.84,N,240.43,N,120.52,N,0.00,N,0.00,N,0.00,N,0.0,0.0,0.0,0
2025-10-24,18:45:27,224.7,N,226.0,N,228.0,N,0.00,N,0.00,N,0.00,N,49.90,N,49.90,N,49.88,N,240.02,N,120.36,N,0.00,N,0.00,N,0.00,N,0.0,0.0,0.0,0
2025-10-24,18:45:31,226.0,N,225.8,N,227.2,N,0.00,N,0.00,N,0.00,N,49.92,N,49.90,N,49.90,N,239.91,N,120.17,N,0.00,N,0.00,N,0.00,N,0.0,0.0,0.0,0
2025-10-24,18:46:07,226.9,N,226.9,N,226.9,N,0.00,N,0.00,N,0.00,N,49.90,N,49.88,N,49.88,N,240.05,N,120.57,N,0.00,N,0.00,N,0.00,N,0.0,0.0,0.0,0
2025-10-24,18:46:41,224.9,N,226.7,N,227.8,N,0.00,N,0.00,N,0.00,N,49.90,N,49.84,N,49.86,N,240.09,N,120.35,N,0.00,N,0.00,N,0.00,N,0.0,0.0,0.0,0
2025-10-24,18:46:44,226.8,N,227.0,N,227.3,N,0.00,N,0.00,N,0.00,N,49.90,N,49.85,N,49.88,N,239.92,N,120.10,N,0.00,N,0.00,N,0.00,N,0.0,0.0,0.0,0
2025-10-24,18:47:29,226.8,N,225.9,N,226.9,N,0.00,N,0.00,N,0.00,N,49.87,N,49.84,N,49.86,N,239.91,N,120.44,N,0.00,N,0.00,N,0.00,N,0.0,0.0,0.0,0
